Using pre-set license
Built from '2020.2/release' branch; Version is '2020.2.1f1 (270dd8c3da1c) revision 2559448'; Using compiler version '192528614'; Build Type 'Release'
OS: 'Windows 10  (10.0.0) 64bit' Language: 'en' Physical Memory: 16288 MB
BatchMode: 1, IsHumanControllingUs: 0, StartBugReporterOnCrash: 0, Is64bit: 1, IsPro: 0

 COMMAND LINE ARGUMENTS:
C:\Program Files\Unity\Hub\Editor\2020.2.1f1\Editor\Unity.exe
-adb2
-batchMode
-noUpm
-name
AssetImportWorker0
-projectPath
C:/Users/Jeremy Ivan/Data/Desktop/VR Projects/Diorama_PR/Diorama
-logFile
Logs/AssetImportWorker0.log
-srvPort
54125
Successfully changed project path to: C:/Users/Jeremy Ivan/Data/Desktop/VR Projects/Diorama_PR/Diorama
C:/Users/Jeremy Ivan/Data/Desktop/VR Projects/Diorama_PR/Diorama
Using Asset Import Pipeline V2.
Refreshing native plugins compatible for Editor in 32.47 ms, found 0 plugins.
Preloading 0 native plugins for Editor in 0.00 ms.
Initialize engine version: 2020.2.1f1 (270dd8c3da1c)
[Subsystems] Discovering subsystems at path C:/Program Files/Unity/Hub/Editor/2020.2.1f1/Editor/Data/Resources/UnitySubsystems
[Subsystems] Discovering subsystems at path C:/Users/Jeremy Ivan/Data/Desktop/VR Projects/Diorama_PR/Diorama/Assets
GfxDevice: creating device client; threaded=0
Direct3D:
    Version:  Direct3D 11.0 [level 11.1]
    Renderer: NVIDIA GeForce RTX 2060 (ID=0x1f08)
    Vendor:   
    VRAM:     5980 MB
    Driver:   27.21.14.6079
Initialize mono
Mono path[0] = 'C:/Program Files/Unity/Hub/Editor/2020.2.1f1/Editor/Data/Managed'
Mono path[1] = 'C:/Program Files/Unity/Hub/Editor/2020.2.1f1/Editor/Data/MonoBleedingEdge/lib/mono/unityjit'
Mono config path = 'C:/Program Files/Unity/Hub/Editor/2020.2.1f1/Editor/Data/MonoBleedingEdge/etc'
Using monoOptions --debugger-agent=transport=dt_socket,embedding=1,server=y,suspend=n,address=127.0.0.1:56564
Begin MonoManager ReloadAssembly
Registering precompiled unity dll's ...
Register platform support module: C:/Program Files/Unity/Hub/Editor/2020.2.1f1/Editor/Data/PlaybackEngines/WindowsStandaloneSupport/UnityEditor.WindowsStandalone.Extensions.dll
Registered in 0.067001 seconds.
Native extension for WindowsStandalone target not found
Refreshing native plugins compatible for Editor in 33.96 ms, found 0 plugins.
Preloading 0 native plugins for Editor in 0.00 ms.
Invoked RoslynAnalysisRunner static constructor.
RoslynAnalysisRunner will not be running.
RoslynAnalysisRunner has terminated.
Mono: successfully reloaded assembly
- Completed reload, in  2.935 seconds
Platform modules already initialized, skipping
Registering precompiled user dll's ...
Registered in 0.026205 seconds.
Begin MonoManager ReloadAssembly
Native extension for WindowsStandalone target not found
Refreshing native plugins compatible for Editor in 35.96 ms, found 0 plugins.
Preloading 0 native plugins for Editor in 0.00 ms.
Invoked RoslynAnalysisRunner static constructor.
RoslynAnalysisRunner will not be running.
RoslynAnalysisRunner has terminated.
Mono: successfully reloaded assembly
- Completed reload, in  1.816 seconds
Platform modules already initialized, skipping
========================================================================
Worker process is ready to serve import requests
Shader 'Universal Render Pipeline/Particles/Lit': fallback shader 'Universal Render Pipeline/Particles/SimpleLit' not found
Shader 'Universal Render Pipeline/Particles/Lit': fallback shader 'Universal Render Pipeline/Particles/SimpleLit' not found
Launched and connected shader compiler UnityShaderCompiler.exe after 0.04 seconds
Refreshing native plugins compatible for Editor in 0.33 ms, found 0 plugins.
Preloading 0 native plugins for Editor in 0.00 ms.
Unloading 2392 Unused Serialized files (Serialized files now loaded: 0)
System memory in use before: 183.1 MB.
System memory in use after: 181.1 MB.

Unloading 44 unused Assets to reduce memory usage. Loaded Objects now: 2808.
Total: 2.671900 ms (FindLiveObjects: 0.225900 ms CreateObjectMapping: 0.109500 ms MarkObjects: 1.382500 ms  DeleteObjects: 0.953200 ms)

========================================================================
Received Import Request.
  path: Assets/Textures/Galaxy7.png
  artifactKey: Guid(4c0ea4aba033a7449805d025c4b32adf) Importer(815301076,1909f56bfc062723c751e8b465ee728b)
Start importing Assets/Textures/Galaxy7.png using Guid(4c0ea4aba033a7449805d025c4b32adf) Importer(815301076,1909f56bfc062723c751e8b465ee728b)  -> (artifact id: '14e6ef1dca9f020068426df71dcd528e') in 0.052727 seconds
  Import took 0.055632 seconds .

========================================================================
Received Import Request.
  Time since last request: 0.000205 seconds.
  path: Assets/Textures/Galaxy5.png
  artifactKey: Guid(801f449ceccc7dd4aa7c29d8b6c6b3b7) Importer(815301076,1909f56bfc062723c751e8b465ee728b)
Start importing Assets/Textures/Galaxy5.png using Guid(801f449ceccc7dd4aa7c29d8b6c6b3b7) Importer(815301076,1909f56bfc062723c751e8b465ee728b)  -> (artifact id: '9307549474455a4b1482645be7b3f669') in 0.012766 seconds
  Import took 0.015403 seconds .

========================================================================
Received Import Request.
  Time since last request: 0.000222 seconds.
  path: Assets/Textures/Galaxy4.png
  artifactKey: Guid(115f4c65945af70429b507dd9bc87aed) Importer(815301076,1909f56bfc062723c751e8b465ee728b)
Start importing Assets/Textures/Galaxy4.png using Guid(115f4c65945af70429b507dd9bc87aed) Importer(815301076,1909f56bfc062723c751e8b465ee728b)  -> (artifact id: '912dd1a980cd6f492ce6543aa9b95487') in 0.016059 seconds
  Import took 0.018911 seconds .

========================================================================
Received Import Request.
  Time since last request: 0.000210 seconds.
  path: Assets/Textures/Galaxy3.png
  artifactKey: Guid(620f089c470f6e3419f4b01bcd536718) Importer(815301076,1909f56bfc062723c751e8b465ee728b)
Start importing Assets/Textures/Galaxy3.png using Guid(620f089c470f6e3419f4b01bcd536718) Importer(815301076,1909f56bfc062723c751e8b465ee728b)  -> (artifact id: '1cb33cce5691073c4229411110a227b9') in 0.012391 seconds
  Import took 0.015351 seconds .

========================================================================
Received Import Request.
  Time since last request: 0.000193 seconds.
  path: Assets/Textures/Galaxy6.png
  artifactKey: Guid(1ff639297d238f14b8ea3321e4283dfe) Importer(815301076,1909f56bfc062723c751e8b465ee728b)
Start importing Assets/Textures/Galaxy6.png using Guid(1ff639297d238f14b8ea3321e4283dfe) Importer(815301076,1909f56bfc062723c751e8b465ee728b)  -> (artifact id: 'e7b91a65de37ca84fc629deb78f68e04') in 0.011849 seconds
  Import took 0.014760 seconds .

========================================================================
Received Import Request.
  Time since last request: 17.751649 seconds.
  path: Assets/Textures/Galaxy3.png
  artifactKey: Guid(620f089c470f6e3419f4b01bcd536718) Importer(815301076,1909f56bfc062723c751e8b465ee728b)
Start importing Assets/Textures/Galaxy3.png using Guid(620f089c470f6e3419f4b01bcd536718) Importer(815301076,1909f56bfc062723c751e8b465ee728b)  -> (artifact id: '4e5add8b9e52056d865bbfd440cf0b97') in 0.043315 seconds
  Import took 0.047084 seconds .

========================================================================
Received Import Request.
  Time since last request: 14.422271 seconds.
  path: Assets/Textures/Galaxy4.png
  artifactKey: Guid(115f4c65945af70429b507dd9bc87aed) Importer(815301076,1909f56bfc062723c751e8b465ee728b)
Start importing Assets/Textures/Galaxy4.png using Guid(115f4c65945af70429b507dd9bc87aed) Importer(815301076,1909f56bfc062723c751e8b465ee728b)  -> (artifact id: '0af1ad0c228af0b9c9692a9d4c019d48') in 0.015715 seconds
  Import took 0.018814 seconds .

========================================================================
Received Import Request.
  Time since last request: 8.831985 seconds.
  path: Assets/Textures/Galaxy5.png
  artifactKey: Guid(801f449ceccc7dd4aa7c29d8b6c6b3b7) Importer(815301076,1909f56bfc062723c751e8b465ee728b)
Start importing Assets/Textures/Galaxy5.png using Guid(801f449ceccc7dd4aa7c29d8b6c6b3b7) Importer(815301076,1909f56bfc062723c751e8b465ee728b)  -> (artifact id: '304a0025458997d0d255821d4c915168') in 0.013331 seconds
  Import took 0.016350 seconds .

========================================================================
Received Import Request.
  Time since last request: 0.006014 seconds.
  path: Assets/Textures/Galaxy5.png
  artifactKey: Guid(801f449ceccc7dd4aa7c29d8b6c6b3b7) Importer(815301076,1909f56bfc062723c751e8b465ee728b)
Start importing Assets/Textures/Galaxy5.png using Guid(801f449ceccc7dd4aa7c29d8b6c6b3b7) Importer(815301076,1909f56bfc062723c751e8b465ee728b)  -> (artifact id: '304a0025458997d0d255821d4c915168') in 0.011873 seconds
  Import took 0.015093 seconds .

========================================================================
Received Import Request.
  Time since last request: 11.776071 seconds.
  path: Assets/Textures/Galaxy7.png
  artifactKey: Guid(4c0ea4aba033a7449805d025c4b32adf) Importer(815301076,1909f56bfc062723c751e8b465ee728b)
Start importing Assets/Textures/Galaxy7.png using Guid(4c0ea4aba033a7449805d025c4b32adf) Importer(815301076,1909f56bfc062723c751e8b465ee728b)  -> (artifact id: 'e8f0ff2372c03585ebece3a10a5530f0') in 0.012838 seconds
  Import took 0.015788 seconds .

========================================================================
Received Import Request.
  Time since last request: 16.899950 seconds.
  path: Assets/Textures/Galaxy6.png
  artifactKey: Guid(1ff639297d238f14b8ea3321e4283dfe) Importer(815301076,1909f56bfc062723c751e8b465ee728b)
Start importing Assets/Textures/Galaxy6.png using Guid(1ff639297d238f14b8ea3321e4283dfe) Importer(815301076,1909f56bfc062723c751e8b465ee728b)  -> (artifact id: '967c5809460b6a3362abf2055020071a') in 0.011740 seconds
  Import took 0.014934 seconds .

========================================================================
Received Import Request.
  Time since last request: 6.479588 seconds.
  path: Assets/Textures/Galaxy6.png
  artifactKey: Guid(1ff639297d238f14b8ea3321e4283dfe) Importer(815301076,1909f56bfc062723c751e8b465ee728b)
Start importing Assets/Textures/Galaxy6.png using Guid(1ff639297d238f14b8ea3321e4283dfe) Importer(815301076,1909f56bfc062723c751e8b465ee728b)  -> (artifact id: '2def68195168679e5e08e956974453dd') in 0.011294 seconds
  Import took 0.014378 seconds .

========================================================================
Received Import Request.
  Time since last request: 23.420555 seconds.
  path: Assets/Materials/Galaxy2.mat
  artifactKey: Guid(03753e99ead88e641b94af4801778d05) Importer(815301076,1909f56bfc062723c751e8b465ee728b)
Start importing Assets/Materials/Galaxy2.mat using Guid(03753e99ead88e641b94af4801778d05) Importer(815301076,1909f56bfc062723c751e8b465ee728b)  -> (artifact id: '703de110d50afc09f7b3d295d073fbf2') in 0.134018 seconds
  Import took 0.137354 seconds .

========================================================================
Received Import Request.
  Time since last request: 0.000196 seconds.
  path: Assets/Materials/Galaxy3.mat
  artifactKey: Guid(7ba54ca451019274f9c6af0e765a2271) Importer(815301076,1909f56bfc062723c751e8b465ee728b)
Start importing Assets/Materials/Galaxy3.mat using Guid(7ba54ca451019274f9c6af0e765a2271) Importer(815301076,1909f56bfc062723c751e8b465ee728b)  -> (artifact id: '8ea953c211a2336f9f31cf993ee026da') in 0.012781 seconds
  Import took 0.015827 seconds .

========================================================================
Received Import Request.
  Time since last request: 20.067859 seconds.
  path: Assets/Materials/Galaxy4.mat
  artifactKey: Guid(6dc5503c589a0ad469f6ffad7dd511e5) Importer(815301076,1909f56bfc062723c751e8b465ee728b)
Start importing Assets/Materials/Galaxy4.mat using Guid(6dc5503c589a0ad469f6ffad7dd511e5) Importer(815301076,1909f56bfc062723c751e8b465ee728b)  -> (artifact id: '3942be8761e8da2ee9ef0220bd1d9ade') in 0.012823 seconds
  Import took 0.016352 seconds .

========================================================================
Received Import Request.
  Time since last request: 23.267483 seconds.
  path: Assets/Materials/Galaxy5.mat
  artifactKey: Guid(01678e2a3715d504ca1432a1c14721db) Importer(815301076,1909f56bfc062723c751e8b465ee728b)
Start importing Assets/Materials/Galaxy5.mat using Guid(01678e2a3715d504ca1432a1c14721db) Importer(815301076,1909f56bfc062723c751e8b465ee728b)  -> (artifact id: '985d1de3317c193a7b5c9a7c16f101aa') in 0.010713 seconds
  Import took 0.014250 seconds .

========================================================================
Received Import Request.
  Time since last request: 37.221771 seconds.
  path: Assets/Materials/Galaxy6.mat
  artifactKey: Guid(f9cd9aff982cd0349990c5d47eac6c69) Importer(815301076,1909f56bfc062723c751e8b465ee728b)
Start importing Assets/Materials/Galaxy6.mat using Guid(f9cd9aff982cd0349990c5d47eac6c69) Importer(815301076,1909f56bfc062723c751e8b465ee728b)  -> (artifact id: 'd75059d23dd1326b73d1dbb5d7cbce22') in 0.013019 seconds
  Import took 0.016145 seconds .

========================================================================
Received Import Request.
  Time since last request: 0.000668 seconds.
  path: Assets/Materials/Galaxy6.mat
  artifactKey: Guid(f9cd9aff982cd0349990c5d47eac6c69) Importer(815301076,1909f56bfc062723c751e8b465ee728b)
Start importing Assets/Materials/Galaxy6.mat using Guid(f9cd9aff982cd0349990c5d47eac6c69) Importer(815301076,1909f56bfc062723c751e8b465ee728b)  -> (artifact id: 'd75059d23dd1326b73d1dbb5d7cbce22') in 0.012268 seconds
  Import took 0.015496 seconds .

========================================================================
Received Prepare
Registering precompiled user dll's ...
Registered in 0.001064 seconds.
Begin MonoManager ReloadAssembly
Native extension for WindowsStandalone target not found
Refreshing native plugins compatible for Editor in 0.37 ms, found 0 plugins.
Preloading 0 native plugins for Editor in 0.00 ms.
Invoked RoslynAnalysisRunner static constructor.
RoslynAnalysisRunner will not be running.
RoslynAnalysisRunner has terminated.
Mono: successfully reloaded assembly
- Completed reload, in  0.808 seconds
Platform modules already initialized, skipping
Shader 'Universal Render Pipeline/Particles/Lit': fallback shader 'Universal Render Pipeline/Particles/SimpleLit' not found
Shader 'Universal Render Pipeline/Particles/Lit': fallback shader 'Universal Render Pipeline/Particles/SimpleLit' not found
Refreshing native plugins compatible for Editor in 0.38 ms, found 0 plugins.
Preloading 0 native plugins for Editor in 0.00 ms.
Unloading 2316 Unused Serialized files (Serialized files now loaded: 0)
System memory in use before: 185.6 MB.
System memory in use after: 183.6 MB.

Unloading 39 unused Assets to reduce memory usage. Loaded Objects now: 2897.
Total: 2.971200 ms (FindLiveObjects: 0.262300 ms CreateObjectMapping: 0.147600 ms MarkObjects: 1.565500 ms  DeleteObjects: 0.994800 ms)

========================================================================
Received Prepare
Registering precompiled user dll's ...
Registered in 0.000996 seconds.
Begin MonoManager ReloadAssembly
Native extension for WindowsStandalone target not found
Refreshing native plugins compatible for Editor in 0.49 ms, found 0 plugins.
Preloading 0 native plugins for Editor in 0.00 ms.
Invoked RoslynAnalysisRunner static constructor.
RoslynAnalysisRunner will not be running.
RoslynAnalysisRunner has terminated.
Mono: successfully reloaded assembly
- Completed reload, in  0.773 seconds
Platform modules already initialized, skipping
Shader 'Universal Render Pipeline/Particles/Lit': fallback shader 'Universal Render Pipeline/Particles/SimpleLit' not found
Shader 'Universal Render Pipeline/Particles/Lit': fallback shader 'Universal Render Pipeline/Particles/SimpleLit' not found
Refreshing native plugins compatible for Editor in 0.34 ms, found 0 plugins.
Preloading 0 native plugins for Editor in 0.00 ms.
Unloading 2387 Unused Serialized files (Serialized files now loaded: 0)
System memory in use before: 188.9 MB.
System memory in use after: 186.9 MB.

Unloading 39 unused Assets to reduce memory usage. Loaded Objects now: 2971.
Total: 2.923400 ms (FindLiveObjects: 0.205300 ms CreateObjectMapping: 0.088500 ms MarkObjects: 1.599400 ms  DeleteObjects: 1.029100 ms)

========================================================================
Received Prepare
Registering precompiled user dll's ...
Registered in 0.001815 seconds.
Begin MonoManager ReloadAssembly
Native extension for WindowsStandalone target not found
Refreshing native plugins compatible for Editor in 0.47 ms, found 3 plugins.
Preloading 1 native plugins for Editor in 0.64 ms.
Invoked RoslynAnalysisRunner static constructor.
RoslynAnalysisRunner will not be running.
RoslynAnalysisRunner has terminated.
[XR] OculusXRPlugin: registering subsystems
[XR] Unable to register display lifecyle provider: [1]
[XR] Oculus Input lifecycle provider registered.
[XR] Unable to register input lifecyle provider: [1]
NullReferenceException: Object reference not set to an instance of an object
  at Unity.XR.Oculus.OculusLoader.AssetPathToAbsolutePath (System.String assetPath) [0x00048] in C:\Users\Jeremy Ivan\Data\Desktop\VR Projects\Diorama_PR\Diorama\Library\PackageCache\com.unity.xr.oculus@1.6.1\Runtime\OculusLoader.cs:242 
  at Unity.XR.Oculus.OculusLoader.EditorLoadOVRPlugin () [0x0007b] in C:\Users\Jeremy Ivan\Data\Desktop\VR Projects\Diorama_PR\Diorama\Library\PackageCache\com.unity.xr.oculus@1.6.1\Runtime\OculusLoader.cs:227 

(Filename: Library/PackageCache/com.unity.xr.oculus@1.6.1/Runtime/OculusLoader.cs Line: 242)

Mono: successfully reloaded assembly
- Completed reload, in  0.722 seconds
Platform modules already initialized, skipping
Shader 'Universal Render Pipeline/Particles/Lit': fallback shader 'Universal Render Pipeline/Particles/SimpleLit' not found
Shader 'Universal Render Pipeline/Particles/Lit': fallback shader 'Universal Render Pipeline/Particles/SimpleLit' not found
Refreshing native plugins compatible for Editor in 0.46 ms, found 3 plugins.
Preloading 1 native plugins for Editor in 0.06 ms.
Unloading 2414 Unused Serialized files (Serialized files now loaded: 0)
System memory in use before: 189.7 MB.
System memory in use after: 187.7 MB.

Unloading 41 unused Assets to reduce memory usage. Loaded Objects now: 3000.
Total: 4.475200 ms (FindLiveObjects: 0.417000 ms CreateObjectMapping: 0.227700 ms MarkObjects: 2.682500 ms  DeleteObjects: 1.146200 ms)

========================================================================
Received Prepare
Shader 'Universal Render Pipeline/Particles/Lit': fallback shader 'Universal Render Pipeline/Particles/SimpleLit' not found
Shader 'Universal Render Pipeline/Particles/Lit': fallback shader 'Universal Render Pipeline/Particles/SimpleLit' not found
Refreshing native plugins compatible for Editor in 1.42 ms, found 3 plugins.
Preloading 1 native plugins for Editor in 0.06 ms.
Unloading 38 Unused Serialized files (Serialized files now loaded: 0)
System memory in use before: 142.8 MB.
System memory in use after: 140.9 MB.

Unloading 38 unused Assets to reduce memory usage. Loaded Objects now: 3000.
Total: 2.964400 ms (FindLiveObjects: 0.227300 ms CreateObjectMapping: 0.099000 ms MarkObjects: 1.581900 ms  DeleteObjects: 1.054700 ms)

========================================================================
Received Prepare
Registering precompiled user dll's ...
Registered in 0.001775 seconds.
Begin MonoManager ReloadAssembly
Native extension for WindowsStandalone target not found
Refreshing native plugins compatible for Editor in 0.46 ms, found 3 plugins.
Preloading 1 native plugins for Editor in 0.08 ms.
Invoked RoslynAnalysisRunner static constructor.
RoslynAnalysisRunner will not be running.
RoslynAnalysisRunner has terminated.
NullReferenceException: Object reference not set to an instance of an object
  at Unity.XR.Oculus.OculusLoader.AssetPathToAbsolutePath (System.String assetPath) [0x00048] in C:\Users\Jeremy Ivan\Data\Desktop\VR Projects\Diorama_PR\Diorama\Library\PackageCache\com.unity.xr.oculus@1.6.1\Runtime\OculusLoader.cs:242 
  at Unity.XR.Oculus.OculusLoader.EditorLoadOVRPlugin () [0x0007b] in C:\Users\Jeremy Ivan\Data\Desktop\VR Projects\Diorama_PR\Diorama\Library\PackageCache\com.unity.xr.oculus@1.6.1\Runtime\OculusLoader.cs:227 

(Filename: Library/PackageCache/com.unity.xr.oculus@1.6.1/Runtime/OculusLoader.cs Line: 242)

Mono: successfully reloaded assembly
- Completed reload, in  0.721 seconds
Platform modules already initialized, skipping
Shader 'Universal Render Pipeline/Particles/Lit': fallback shader 'Universal Render Pipeline/Particles/SimpleLit' not found
Shader 'Universal Render Pipeline/Particles/Lit': fallback shader 'Universal Render Pipeline/Particles/SimpleLit' not found
Refreshing native plugins compatible for Editor in 0.46 ms, found 3 plugins.
Preloading 1 native plugins for Editor in 0.07 ms.
Unloading 2484 Unused Serialized files (Serialized files now loaded: 0)
System memory in use before: 192.5 MB.
System memory in use after: 190.5 MB.

Unloading 41 unused Assets to reduce memory usage. Loaded Objects now: 3085.
Total: 3.597200 ms (FindLiveObjects: 0.216800 ms CreateObjectMapping: 0.089000 ms MarkObjects: 1.942500 ms  DeleteObjects: 1.347100 ms)

========================================================================
Received Import Request.
  Time since last request: 685.322001 seconds.
  path: Assets/Materials/Galaxy7.mat
  artifactKey: Guid(12a327b5f9955b7419ee409e46caa36f) Importer(815301076,1909f56bfc062723c751e8b465ee728b)
Start importing Assets/Materials/Galaxy7.mat using Guid(12a327b5f9955b7419ee409e46caa36f) Importer(815301076,1909f56bfc062723c751e8b465ee728b)  -> (artifact id: '87dc1d48f6dab248cd36a349115c4331') in 0.141676 seconds
  Import took 0.145872 seconds .

========================================================================
Received Prepare
Registering precompiled user dll's ...
Registered in 0.002001 seconds.
Begin MonoManager ReloadAssembly
Native extension for WindowsStandalone target not found
Refreshing native plugins compatible for Editor in 0.47 ms, found 3 plugins.
Preloading 1 native plugins for Editor in 0.07 ms.
Invoked RoslynAnalysisRunner static constructor.
RoslynAnalysisRunner will not be running.
RoslynAnalysisRunner has terminated.
NullReferenceException: Object reference not set to an instance of an object
  at Unity.XR.Oculus.OculusLoader.AssetPathToAbsolutePath (System.String assetPath) [0x00048] in C:\Users\Jeremy Ivan\Data\Desktop\VR Projects\Diorama_PR\Diorama\Library\PackageCache\com.unity.xr.oculus@1.6.1\Runtime\OculusLoader.cs:242 
  at Unity.XR.Oculus.OculusLoader.EditorLoadOVRPlugin () [0x0007b] in C:\Users\Jeremy Ivan\Data\Desktop\VR Projects\Diorama_PR\Diorama\Library\PackageCache\com.unity.xr.oculus@1.6.1\Runtime\OculusLoader.cs:227 

(Filename: Library/PackageCache/com.unity.xr.oculus@1.6.1/Runtime/OculusLoader.cs Line: 242)

Mono: successfully reloaded assembly
- Completed reload, in  0.761 seconds
Platform modules already initialized, skipping
Shader 'Universal Render Pipeline/Particles/Lit': fallback shader 'Universal Render Pipeline/Particles/SimpleLit' not found
Shader 'Universal Render Pipeline/Particles/Lit': fallback shader 'Universal Render Pipeline/Particles/SimpleLit' not found
Refreshing native plugins compatible for Editor in 0.45 ms, found 3 plugins.
Preloading 1 native plugins for Editor in 0.07 ms.
Unloading 2484 Unused Serialized files (Serialized files now loaded: 0)
System memory in use before: 192.5 MB.
System memory in use after: 190.5 MB.

Unloading 41 unused Assets to reduce memory usage. Loaded Objects now: 3124.
Total: 3.078200 ms (FindLiveObjects: 0.259800 ms CreateObjectMapping: 0.172000 ms MarkObjects: 1.498500 ms  DeleteObjects: 1.147100 ms)

========================================================================
Received Prepare
Registering precompiled user dll's ...
Registered in 0.001887 seconds.
Begin MonoManager ReloadAssembly
Native extension for WindowsStandalone target not found
Refreshing native plugins compatible for Editor in 0.46 ms, found 3 plugins.
Preloading 1 native plugins for Editor in 0.08 ms.
Invoked RoslynAnalysisRunner static constructor.
RoslynAnalysisRunner will not be running.
RoslynAnalysisRunner has terminated.
NullReferenceException: Object reference not set to an instance of an object
  at Unity.XR.Oculus.OculusLoader.AssetPathToAbsolutePath (System.String assetPath) [0x00048] in C:\Users\Jeremy Ivan\Data\Desktop\VR Projects\Diorama_PR\Diorama\Library\PackageCache\com.unity.xr.oculus@1.6.1\Runtime\OculusLoader.cs:242 
  at Unity.XR.Oculus.OculusLoader.EditorLoadOVRPlugin () [0x0007b] in C:\Users\Jeremy Ivan\Data\Desktop\VR Projects\Diorama_PR\Diorama\Library\PackageCache\com.unity.xr.oculus@1.6.1\Runtime\OculusLoader.cs:227 

(Filename: Library/PackageCache/com.unity.xr.oculus@1.6.1/Runtime/OculusLoader.cs Line: 242)

Mono: successfully reloaded assembly
- Completed reload, in  0.749 seconds
Platform modules already initialized, skipping
Shader 'Universal Render Pipeline/Particles/Lit': fallback shader 'Universal Render Pipeline/Particles/SimpleLit' not found
Shader 'Universal Render Pipeline/Particles/Lit': fallback shader 'Universal Render Pipeline/Particles/SimpleLit' not found
Refreshing native plugins compatible for Editor in 0.44 ms, found 3 plugins.
Preloading 1 native plugins for Editor in 0.07 ms.
Unloading 2484 Unused Serialized files (Serialized files now loaded: 0)
System memory in use before: 192.4 MB.
System memory in use after: 190.4 MB.

Unloading 41 unused Assets to reduce memory usage. Loaded Objects now: 3127.
Total: 3.323300 ms (FindLiveObjects: 0.272400 ms CreateObjectMapping: 0.123300 ms MarkObjects: 1.640600 ms  DeleteObjects: 1.285700 ms)

========================================================================
Received Import Request.
  Time since last request: 403.527795 seconds.
  path: Assets/Textures/Galaxy5.png
  artifactKey: Guid(801f449ceccc7dd4aa7c29d8b6c6b3b7) Importer(815301076,1909f56bfc062723c751e8b465ee728b)
Start importing Assets/Textures/Galaxy5.png using Guid(801f449ceccc7dd4aa7c29d8b6c6b3b7) Importer(815301076,1909f56bfc062723c751e8b465ee728b)  -> (artifact id: '7d4f87f0f0871131232b46b21051298c') in 0.048795 seconds
  Import took 0.052342 seconds .

========================================================================
Received Prepare
Registering precompiled user dll's ...
Registered in 0.001938 seconds.
Begin MonoManager ReloadAssembly
Native extension for WindowsStandalone target not found
Refreshing native plugins compatible for Editor in 0.47 ms, found 3 plugins.
Preloading 1 native plugins for Editor in 0.07 ms.
Invoked RoslynAnalysisRunner static constructor.
RoslynAnalysisRunner will not be running.
RoslynAnalysisRunner has terminated.
NullReferenceException: Object reference not set to an instance of an object
  at Unity.XR.Oculus.OculusLoader.AssetPathToAbsolutePath (System.String assetPath) [0x00048] in C:\Users\Jeremy Ivan\Data\Desktop\VR Projects\Diorama_PR\Diorama\Library\PackageCache\com.unity.xr.oculus@1.6.1\Runtime\OculusLoader.cs:242 
  at Unity.XR.Oculus.OculusLoader.EditorLoadOVRPlugin () [0x0007b] in C:\Users\Jeremy Ivan\Data\Desktop\VR Projects\Diorama_PR\Diorama\Library\PackageCache\com.unity.xr.oculus@1.6.1\Runtime\OculusLoader.cs:227 

(Filename: Library/PackageCache/com.unity.xr.oculus@1.6.1/Runtime/OculusLoader.cs Line: 242)

Mono: successfully reloaded assembly
- Completed reload, in  0.757 seconds
Platform modules already initialized, skipping
Shader 'Universal Render Pipeline/Particles/Lit': fallback shader 'Universal Render Pipeline/Particles/SimpleLit' not found
Shader 'Universal Render Pipeline/Particles/Lit': fallback shader 'Universal Render Pipeline/Particles/SimpleLit' not found
Refreshing native plugins compatible for Editor in 0.44 ms, found 3 plugins.
Preloading 1 native plugins for Editor in 0.07 ms.
Unloading 2484 Unused Serialized files (Serialized files now loaded: 0)
System memory in use before: 192.6 MB.
System memory in use after: 190.6 MB.

Unloading 41 unused Assets to reduce memory usage. Loaded Objects now: 3131.
Total: 3.131200 ms (FindLiveObjects: 0.255900 ms CreateObjectMapping: 0.105200 ms MarkObjects: 1.641700 ms  DeleteObjects: 1.127200 ms)

========================================================================
Received Prepare
Shader 'Universal Render Pipeline/Particles/Lit': fallback shader 'Universal Render Pipeline/Particles/SimpleLit' not found
Shader 'Universal Render Pipeline/Particles/Lit': fallback shader 'Universal Render Pipeline/Particles/SimpleLit' not found
Refreshing native plugins compatible for Editor in 1.31 ms, found 3 plugins.
Preloading 1 native plugins for Editor in 0.07 ms.
Unloading 38 Unused Serialized files (Serialized files now loaded: 0)
System memory in use before: 144.3 MB.
System memory in use after: 142.4 MB.

Unloading 38 unused Assets to reduce memory usage. Loaded Objects now: 3131.
Total: 4.087700 ms (FindLiveObjects: 0.319700 ms CreateObjectMapping: 0.130700 ms MarkObjects: 2.397000 ms  DeleteObjects: 1.238800 ms)

