Using pre-set license
Built from '2020.2/release' branch; Version is '2020.2.1f1 (270dd8c3da1c) revision 2559448'; Using compiler version '192528614'; Build Type 'Release'
OS: 'Windows 10  (10.0.0) 64bit' Language: 'en' Physical Memory: 16288 MB
BatchMode: 1, IsHumanControllingUs: 0, StartBugReporterOnCrash: 0, Is64bit: 1, IsPro: 0

 COMMAND LINE ARGUMENTS:
C:\Program Files\Unity\Hub\Editor\2020.2.1f1\Editor\Unity.exe
-adb2
-batchMode
-noUpm
-name
AssetImportWorker0
-projectPath
C:/Users/Jeremy Ivan/Data/Desktop/VR Projects/Diorama_PR/Diorama
-logFile
Logs/AssetImportWorker0.log
-srvPort
64806
Successfully changed project path to: C:/Users/Jeremy Ivan/Data/Desktop/VR Projects/Diorama_PR/Diorama
C:/Users/Jeremy Ivan/Data/Desktop/VR Projects/Diorama_PR/Diorama
Using Asset Import Pipeline V2.
Refreshing native plugins compatible for Editor in 51.95 ms, found 0 plugins.
Preloading 0 native plugins for Editor in 0.00 ms.
Initialize engine version: 2020.2.1f1 (270dd8c3da1c)
[Subsystems] Discovering subsystems at path C:/Program Files/Unity/Hub/Editor/2020.2.1f1/Editor/Data/Resources/UnitySubsystems
[Subsystems] Discovering subsystems at path C:/Users/Jeremy Ivan/Data/Desktop/VR Projects/Diorama_PR/Diorama/Assets
GfxDevice: creating device client; threaded=0
Direct3D:
    Version:  Direct3D 11.0 [level 11.1]
    Renderer: NVIDIA GeForce RTX 2060 (ID=0x1f08)
    Vendor:   
    VRAM:     5980 MB
    Driver:   27.21.14.6079
Initialize mono
Mono path[0] = 'C:/Program Files/Unity/Hub/Editor/2020.2.1f1/Editor/Data/Managed'
Mono path[1] = 'C:/Program Files/Unity/Hub/Editor/2020.2.1f1/Editor/Data/MonoBleedingEdge/lib/mono/unityjit'
Mono config path = 'C:/Program Files/Unity/Hub/Editor/2020.2.1f1/Editor/Data/MonoBleedingEdge/etc'
Using monoOptions --debugger-agent=transport=dt_socket,embedding=1,server=y,suspend=n,address=127.0.0.1:56420
Begin MonoManager ReloadAssembly
Registering precompiled unity dll's ...
Register platform support module: C:/Program Files/Unity/Hub/Editor/2020.2.1f1/Editor/Data/PlaybackEngines/WindowsStandaloneSupport/UnityEditor.WindowsStandalone.Extensions.dll
Registered in 0.001249 seconds.
Native extension for WindowsStandalone target not found
Refreshing native plugins compatible for Editor in 33.65 ms, found 0 plugins.
Preloading 0 native plugins for Editor in 0.00 ms.
Invoked RoslynAnalysisRunner static constructor.
RoslynAnalysisRunner will not be running.
RoslynAnalysisRunner has terminated.
Mono: successfully reloaded assembly
- Completed reload, in  1.286 seconds
Platform modules already initialized, skipping
Registering precompiled user dll's ...
Registered in 0.001201 seconds.
Begin MonoManager ReloadAssembly
Native extension for WindowsStandalone target not found
Refreshing native plugins compatible for Editor in 36.94 ms, found 0 plugins.
Preloading 0 native plugins for Editor in 0.00 ms.
Invoked RoslynAnalysisRunner static constructor.
RoslynAnalysisRunner will not be running.
RoslynAnalysisRunner has terminated.
Mono: successfully reloaded assembly
- Completed reload, in  0.891 seconds
Platform modules already initialized, skipping
========================================================================
Worker process is ready to serve import requests
Shader 'Universal Render Pipeline/Particles/Lit': fallback shader 'Universal Render Pipeline/Particles/SimpleLit' not found
Shader 'Universal Render Pipeline/Particles/Lit': fallback shader 'Universal Render Pipeline/Particles/SimpleLit' not found
Launched and connected shader compiler UnityShaderCompiler.exe after 0.03 seconds
Refreshing native plugins compatible for Editor in 0.34 ms, found 0 plugins.
Preloading 0 native plugins for Editor in 0.00 ms.
Unloading 2392 Unused Serialized files (Serialized files now loaded: 0)
System memory in use before: 110.0 MB.
System memory in use after: 107.9 MB.

Unloading 45 unused Assets to reduce memory usage. Loaded Objects now: 2797.
Total: 2.829200 ms (FindLiveObjects: 0.218300 ms CreateObjectMapping: 0.117900 ms MarkObjects: 1.500000 ms  DeleteObjects: 0.992200 ms)

========================================================================
Received Import Request.
  path: Assets/Readme.asset
  artifactKey: Guid(83c2ed844a8c74b779a4c823d16594b1) Importer(815301076,1909f56bfc062723c751e8b465ee728b)
Start importing Assets/Readme.asset using Guid(83c2ed844a8c74b779a4c823d16594b1) Importer(815301076,1909f56bfc062723c751e8b465ee728b)  -> (artifact id: 'cf6c1105aea63a748fcaa5f7f2e0893d') in 0.082502 seconds
  Import took 0.085924 seconds .

========================================================================
Received Import Request.
  Time since last request: 1880.870343 seconds.
  path: Assets/Materials/Skybox_Mat.mat
  artifactKey: Guid(0ffaa0b7117ba8c47a9d05ae701d4b4d) Importer(815301076,1909f56bfc062723c751e8b465ee728b)
Start importing Assets/Materials/Skybox_Mat.mat using Guid(0ffaa0b7117ba8c47a9d05ae701d4b4d) Importer(815301076,1909f56bfc062723c751e8b465ee728b)  -> (artifact id: 'c27f79ae21db569960de64cdc951bce4') in 0.253040 seconds
  Import took 0.296031 seconds .

========================================================================
Received Import Request.
  Time since last request: 0.003193 seconds.
  path: Assets/Materials/Skybox_Mat.mat
  artifactKey: Guid(0ffaa0b7117ba8c47a9d05ae701d4b4d) Importer(815301076,1909f56bfc062723c751e8b465ee728b)
Start importing Assets/Materials/Skybox_Mat.mat using Guid(0ffaa0b7117ba8c47a9d05ae701d4b4d) Importer(815301076,1909f56bfc062723c751e8b465ee728b)  -> (artifact id: 'c27f79ae21db569960de64cdc951bce4') in 0.011292 seconds
  Import took 0.014442 seconds .

========================================================================
Received Import Request.
  Time since last request: 0.292589 seconds.
  path: Assets/ExampleAssets/Models/Workbench_Low.fbx
  artifactKey: Guid(ff6dc36862fe41641bb21568d92147c9) Importer(815301076,1909f56bfc062723c751e8b465ee728b)
Start importing Assets/ExampleAssets/Models/Workbench_Low.fbx using Guid(ff6dc36862fe41641bb21568d92147c9) Importer(815301076,1909f56bfc062723c751e8b465ee728b)  -> (artifact id: '04d6f9e4584413a6589d08a05bb08242') in 0.598249 seconds
  Import took 0.601500 seconds .

========================================================================
Received Import Request.
  Time since last request: 0.000171 seconds.
  path: Assets/ExampleAssets/Materials/Strap_Mat.mat
  artifactKey: Guid(81c1860e7800e5340bf8a54c565ba9ea) Importer(815301076,1909f56bfc062723c751e8b465ee728b)
Start importing Assets/ExampleAssets/Materials/Strap_Mat.mat using Guid(81c1860e7800e5340bf8a54c565ba9ea) Importer(815301076,1909f56bfc062723c751e8b465ee728b)  -> (artifact id: '9337b39febcec05d891625123ee70bd9') in 0.343709 seconds
  Import took 0.346999 seconds .

========================================================================
Received Import Request.
  Time since last request: 0.000174 seconds.
  path: Assets/ExampleAssets/Materials/Plastic_Yellow_Mat.mat
  artifactKey: Guid(bd2d742ee2ce7a740ae0cf992a38be74) Importer(815301076,1909f56bfc062723c751e8b465ee728b)
Start importing Assets/ExampleAssets/Materials/Plastic_Yellow_Mat.mat using Guid(bd2d742ee2ce7a740ae0cf992a38be74) Importer(815301076,1909f56bfc062723c751e8b465ee728b)  -> (artifact id: 'e4c237792d157d39fefe34a7617018ac') in 0.246153 seconds
  Import took 0.249241 seconds .

========================================================================
Received Import Request.
  Time since last request: 0.000140 seconds.
  path: Assets/ExampleAssets/Materials/Stud_Mat.mat
  artifactKey: Guid(027cb3d3d7dc79d41ad763e01759de07) Importer(815301076,1909f56bfc062723c751e8b465ee728b)
Start importing Assets/ExampleAssets/Materials/Stud_Mat.mat using Guid(027cb3d3d7dc79d41ad763e01759de07) Importer(815301076,1909f56bfc062723c751e8b465ee728b)  -> (artifact id: '0c646beedd126380946f3fd1f84d41b7') in 0.016101 seconds
  Import took 0.019450 seconds .

========================================================================
Received Import Request.
  Time since last request: 0.000199 seconds.
  path: Assets/ExampleAssets/Models/Workbench_Low.fbx
  artifactKey: Guid(ff6dc36862fe41641bb21568d92147c9) Importer(815301076,1909f56bfc062723c751e8b465ee728b)
Start importing Assets/ExampleAssets/Models/Workbench_Low.fbx using Guid(ff6dc36862fe41641bb21568d92147c9) Importer(815301076,1909f56bfc062723c751e8b465ee728b)  -> (artifact id: '04d6f9e4584413a6589d08a05bb08242') in 0.062104 seconds
  Import took 0.065025 seconds .

========================================================================
Received Import Request.
  Time since last request: 0.000193 seconds.
  path: Assets/ExampleAssets/Models/safetyhat_low.fbx
  artifactKey: Guid(9d0d902f71acfe646a46cb625f815a49) Importer(815301076,1909f56bfc062723c751e8b465ee728b)
Start importing Assets/ExampleAssets/Models/safetyhat_low.fbx using Guid(9d0d902f71acfe646a46cb625f815a49) Importer(815301076,1909f56bfc062723c751e8b465ee728b)  -> (artifact id: 'ca3d11ebfa8d86824b9142da24e08f06') in 0.020127 seconds
  Import took 0.023040 seconds .

========================================================================
Received Import Request.
  Time since last request: 7.227092 seconds.
  path: Assets/Materials
  artifactKey: Guid(d0234ba368eeec9418390da711bfdad0) Importer(815301076,1909f56bfc062723c751e8b465ee728b)
Start importing Assets/Materials using Guid(d0234ba368eeec9418390da711bfdad0) Importer(815301076,1909f56bfc062723c751e8b465ee728b)  -> (artifact id: '80039c5bd4f1eb5e28cf5cdb572da2f7') in 0.005147 seconds
  Import took 0.008283 seconds .

========================================================================
Received Import Request.
  Time since last request: 18.868575 seconds.
  path: Assets/Materials/Skybox_Night.mat
  artifactKey: Guid(537c9f4159352794fb43ff6e7c6214c5) Importer(815301076,1909f56bfc062723c751e8b465ee728b)
Start importing Assets/Materials/Skybox_Night.mat using Guid(537c9f4159352794fb43ff6e7c6214c5) Importer(815301076,1909f56bfc062723c751e8b465ee728b)  -> (artifact id: '6475d063e99d5605498a3153a8b21845') in 0.018802 seconds
  Import took 0.022159 seconds .

========================================================================
Received Import Request.
  Time since last request: 17.011057 seconds.
  path: Assets/Textures
  artifactKey: Guid(b9597021294b3a441927baade95db456) Importer(815301076,1909f56bfc062723c751e8b465ee728b)
Start importing Assets/Textures using Guid(b9597021294b3a441927baade95db456) Importer(815301076,1909f56bfc062723c751e8b465ee728b)  -> (artifact id: '0230a71963680cbcb1da5f68dc92dfc2') in 0.005098 seconds
  Import took 0.008420 seconds .

========================================================================
Received Import Request.
  Time since last request: 0.076873 seconds.
  path: Assets/Textures/Skybox.jpg
  artifactKey: Guid(871a6dfc1954947458baa90c685494e7) Importer(815301076,1909f56bfc062723c751e8b465ee728b)
Start importing Assets/Textures/Skybox.jpg using Guid(871a6dfc1954947458baa90c685494e7) Importer(815301076,1909f56bfc062723c751e8b465ee728b)  -> (artifact id: '84c449ef3274eb53a1255ecd4349f712') in 0.064557 seconds
  Import took 0.070100 seconds .

========================================================================
Received Import Request.
  Time since last request: 0.000239 seconds.
  path: Assets/Textures/Skybox.psd
  artifactKey: Guid(b244f77af98760f4c83fd60786488c1f) Importer(815301076,1909f56bfc062723c751e8b465ee728b)
Start importing Assets/Textures/Skybox.psd using Guid(b244f77af98760f4c83fd60786488c1f) Importer(815301076,1909f56bfc062723c751e8b465ee728b)  -> (artifact id: '861647112464e04449a933acbb8257ef') in 0.036128 seconds
  Import took 0.041341 seconds .

========================================================================
Received Import Request.
  Time since last request: 45.799482 seconds.
  path: Assets/Textures/Skybox.jpg
  artifactKey: Guid(871a6dfc1954947458baa90c685494e7) Importer(815301076,1909f56bfc062723c751e8b465ee728b)
Start importing Assets/Textures/Skybox.jpg using Guid(871a6dfc1954947458baa90c685494e7) Importer(815301076,1909f56bfc062723c751e8b465ee728b)  -> (artifact id: '4d226975e01f5b4f2bc6ebd2f538d204') in 0.068726 seconds
  Import took 0.073726 seconds .

========================================================================
Received Import Request.
  Time since last request: 27.989735 seconds.
  path: Assets/ExampleAssets/Textures/Props/Construction_Light/ConstructionLight_Albedo.tif
  artifactKey: Guid(2ec6e1532acb1254f9f3797b5d82db44) Importer(815301076,1909f56bfc062723c751e8b465ee728b)
Start importing Assets/ExampleAssets/Textures/Props/Construction_Light/ConstructionLight_Albedo.tif using Guid(2ec6e1532acb1254f9f3797b5d82db44) Importer(815301076,1909f56bfc062723c751e8b465ee728b)  -> (artifact id: '6face4884c6ae2dfe8701827b05b5378') in 0.016224 seconds
  Import took 0.019752 seconds .

========================================================================
Received Import Request.
  Time since last request: 0.000220 seconds.
  path: Assets/ExampleAssets/Textures/Props/Construction_Light/ConstructionLight_MetallicOcculusionSmoothness.tif
  artifactKey: Guid(9a81f1a59f171804e84fce76584bdcb7) Importer(815301076,1909f56bfc062723c751e8b465ee728b)
Start importing Assets/ExampleAssets/Textures/Props/Construction_Light/ConstructionLight_MetallicOcculusionSmoothness.tif using Guid(9a81f1a59f171804e84fce76584bdcb7) Importer(815301076,1909f56bfc062723c751e8b465ee728b)  -> (artifact id: '350a3e151151af5d7970beeba23fca3b') in 0.014333 seconds
  Import took 0.017027 seconds .

========================================================================
Received Import Request.
  Time since last request: 0.000245 seconds.
  path: Assets/ExampleAssets/Textures/Props/Construction_Light/ConstructionLight_Albedo.tif
  artifactKey: Guid(2ec6e1532acb1254f9f3797b5d82db44) Importer(815301076,1909f56bfc062723c751e8b465ee728b)
Start importing Assets/ExampleAssets/Textures/Props/Construction_Light/ConstructionLight_Albedo.tif using Guid(2ec6e1532acb1254f9f3797b5d82db44) Importer(815301076,1909f56bfc062723c751e8b465ee728b)  -> (artifact id: '6face4884c6ae2dfe8701827b05b5378') in 0.013184 seconds
  Import took 0.016081 seconds .

========================================================================
Received Import Request.
  Time since last request: 0.000214 seconds.
  path: Assets/ExampleAssets/Textures/Props/Construction_Light/ConstructionLight_MetallicOcculusionSmoothness.tif
  artifactKey: Guid(9a81f1a59f171804e84fce76584bdcb7) Importer(815301076,1909f56bfc062723c751e8b465ee728b)
Start importing Assets/ExampleAssets/Textures/Props/Construction_Light/ConstructionLight_MetallicOcculusionSmoothness.tif using Guid(9a81f1a59f171804e84fce76584bdcb7) Importer(815301076,1909f56bfc062723c751e8b465ee728b)  -> (artifact id: '350a3e151151af5d7970beeba23fca3b') in 0.010150 seconds
  Import took 0.012920 seconds .

========================================================================
Received Import Request.
  Time since last request: 0.000240 seconds.
  path: Assets/ExampleAssets/Textures/Plastic/Elastic_MetallicOcculusionSmoothness.tif
  artifactKey: Guid(f5df2fb0c070b57429f8ca23b216093b) Importer(815301076,1909f56bfc062723c751e8b465ee728b)
Start importing Assets/ExampleAssets/Textures/Plastic/Elastic_MetallicOcculusionSmoothness.tif using Guid(f5df2fb0c070b57429f8ca23b216093b) Importer(815301076,1909f56bfc062723c751e8b465ee728b)  -> (artifact id: '22d540c5ad501db6fe74f633a1f02e87') in 0.014696 seconds
  Import took 0.017482 seconds .

========================================================================
Received Import Request.
  Time since last request: 0.000275 seconds.
  path: Assets/ExampleAssets/Textures/Drywall/Drywall_AlbedoSmoothness.tif
  artifactKey: Guid(3e11968c372730442aae3b4f7c909931) Importer(815301076,1909f56bfc062723c751e8b465ee728b)
Start importing Assets/ExampleAssets/Textures/Drywall/Drywall_AlbedoSmoothness.tif using Guid(3e11968c372730442aae3b4f7c909931) Importer(815301076,1909f56bfc062723c751e8b465ee728b)  -> (artifact id: '0f380ee32ef2f70286a6dfcc73b22fa2') in 0.012435 seconds
  Import took 0.015267 seconds .

========================================================================
Received Import Request.
  Time since last request: 0.000244 seconds.
  path: Assets/ExampleAssets/Textures/Drywall/Drywall_Normal.tif
  artifactKey: Guid(e231e4c02c48ee14aafa55f7b1a843c1) Importer(815301076,1909f56bfc062723c751e8b465ee728b)
Start importing Assets/ExampleAssets/Textures/Drywall/Drywall_Normal.tif using Guid(e231e4c02c48ee14aafa55f7b1a843c1) Importer(815301076,1909f56bfc062723c751e8b465ee728b)  -> (artifact id: '941808e2bd73ab6d9ac82ce4d2284771') in 0.013754 seconds
  Import took 0.016630 seconds .

========================================================================
Received Import Request.
  Time since last request: 0.000266 seconds.
  path: Assets/ExampleAssets/Textures/Plastic/Elastic_Normal.tif
  artifactKey: Guid(db17334dfe5991a4bbe241ee9a728c38) Importer(815301076,1909f56bfc062723c751e8b465ee728b)
Start importing Assets/ExampleAssets/Textures/Plastic/Elastic_Normal.tif using Guid(db17334dfe5991a4bbe241ee9a728c38) Importer(815301076,1909f56bfc062723c751e8b465ee728b)  -> (artifact id: '28a535c37b382e7ba3584d1255e91b09') in 0.013182 seconds
  Import took 0.016538 seconds .

========================================================================
Received Import Request.
  Time since last request: 0.000193 seconds.
  path: Assets/ExampleAssets/Textures/Drywall/Drywall_Albedo.tif
  artifactKey: Guid(eae496078d11426448124eaf8b285e6b) Importer(815301076,1909f56bfc062723c751e8b465ee728b)
Start importing Assets/ExampleAssets/Textures/Drywall/Drywall_Albedo.tif using Guid(eae496078d11426448124eaf8b285e6b) Importer(815301076,1909f56bfc062723c751e8b465ee728b)  -> (artifact id: '147c9d4c08a589937886b05a655dbcbd') in 0.011424 seconds
  Import took 0.014367 seconds .

========================================================================
Received Import Request.
  Time since last request: 0.000182 seconds.
  path: Assets/ExampleAssets/Textures/Drywall/DrywallPainted_Normal.tif
  artifactKey: Guid(2cd242c9999e92b4ca96dab876cfaf13) Importer(815301076,1909f56bfc062723c751e8b465ee728b)
Start importing Assets/ExampleAssets/Textures/Drywall/DrywallPainted_Normal.tif using Guid(2cd242c9999e92b4ca96dab876cfaf13) Importer(815301076,1909f56bfc062723c751e8b465ee728b)  -> (artifact id: '4db5a9708654e11e3c64f15b59f834d5') in 0.011692 seconds
  Import took 0.014802 seconds .

========================================================================
Received Import Request.
  Time since last request: 0.001004 seconds.
  path: Assets/ExampleAssets/Textures/Drywall/DrywallPainted_Normal.tif
  artifactKey: Guid(2cd242c9999e92b4ca96dab876cfaf13) Importer(815301076,1909f56bfc062723c751e8b465ee728b)
Start importing Assets/ExampleAssets/Textures/Drywall/DrywallPainted_Normal.tif using Guid(2cd242c9999e92b4ca96dab876cfaf13) Importer(815301076,1909f56bfc062723c751e8b465ee728b)  -> (artifact id: '4db5a9708654e11e3c64f15b59f834d5') in 0.008063 seconds
  Import took 0.011057 seconds .

========================================================================
Received Import Request.
  Time since last request: 0.562911 seconds.
  path: Assets/ExampleAssets/Textures/Concrete/Ground_Albedo.tif
  artifactKey: Guid(87ce03bd447ccce48bbff87ac0d8355f) Importer(815301076,1909f56bfc062723c751e8b465ee728b)
Start importing Assets/ExampleAssets/Textures/Concrete/Ground_Albedo.tif using Guid(87ce03bd447ccce48bbff87ac0d8355f) Importer(815301076,1909f56bfc062723c751e8b465ee728b)  -> (artifact id: '3c8cc7cc52b5b329a34da37742f0da17') in 0.010820 seconds
  Import took 0.014613 seconds .

========================================================================
Received Import Request.
  Time since last request: 0.000231 seconds.
  path: Assets/ExampleAssets/Textures/Concrete/Ground_MetallicOcculusionSmoothness.tif
  artifactKey: Guid(a8d38587573a5f34c91c4ae0fbd8bfef) Importer(815301076,1909f56bfc062723c751e8b465ee728b)
Start importing Assets/ExampleAssets/Textures/Concrete/Ground_MetallicOcculusionSmoothness.tif using Guid(a8d38587573a5f34c91c4ae0fbd8bfef) Importer(815301076,1909f56bfc062723c751e8b465ee728b)  -> (artifact id: 'f2bd89e217b58fefd1957b8e00648092') in 0.012371 seconds
  Import took 0.015640 seconds .

========================================================================
Received Import Request.
  Time since last request: 0.243640 seconds.
  path: Assets/ExampleAssets/Textures/Concrete/Ground_Normal.tif
  artifactKey: Guid(fab85e0cacda9644a99e5182a86b71f5) Importer(815301076,1909f56bfc062723c751e8b465ee728b)
Start importing Assets/ExampleAssets/Textures/Concrete/Ground_Normal.tif using Guid(fab85e0cacda9644a99e5182a86b71f5) Importer(815301076,1909f56bfc062723c751e8b465ee728b)  -> (artifact id: '8aa1eb0a9f80272e0cf176fd0f59e89c') in 0.012158 seconds
  Import took 0.015334 seconds .

========================================================================
Received Import Request.
  Time since last request: 0.000240 seconds.
  path: Assets/ExampleAssets/Textures/Props/Hammer/Hammer_Albedo.tif
  artifactKey: Guid(59c8de363dc14c54986d0751c2c38342) Importer(815301076,1909f56bfc062723c751e8b465ee728b)
Start importing Assets/ExampleAssets/Textures/Props/Hammer/Hammer_Albedo.tif using Guid(59c8de363dc14c54986d0751c2c38342) Importer(815301076,1909f56bfc062723c751e8b465ee728b)  -> (artifact id: '6c843cf81a6bb3587babbf069832edf5') in 0.013183 seconds
  Import took 0.016233 seconds .

========================================================================
Received Import Request.
  Time since last request: 0.029596 seconds.
  path: Assets/ExampleAssets/Textures/Props/Hammer/Hammer_MetallicOcculusionSmoothness.tif
  artifactKey: Guid(6c509e4ae024b5e4faeefb92dab5c812) Importer(815301076,1909f56bfc062723c751e8b465ee728b)
Start importing Assets/ExampleAssets/Textures/Props/Hammer/Hammer_MetallicOcculusionSmoothness.tif using Guid(6c509e4ae024b5e4faeefb92dab5c812) Importer(815301076,1909f56bfc062723c751e8b465ee728b)  -> (artifact id: 'b89b03c36c3e272514b9ab5bab085e88') in 0.011096 seconds
  Import took 0.014059 seconds .

========================================================================
Received Import Request.
  Time since last request: 0.000238 seconds.
  path: Assets/ExampleAssets/Textures/Props/Hammer/Hammer_Normal.tif
  artifactKey: Guid(c517a9b1527aec343806327b47ad22df) Importer(815301076,1909f56bfc062723c751e8b465ee728b)
Start importing Assets/ExampleAssets/Textures/Props/Hammer/Hammer_Normal.tif using Guid(c517a9b1527aec343806327b47ad22df) Importer(815301076,1909f56bfc062723c751e8b465ee728b)  -> (artifact id: '51312b09d384b256e9a59a6ae6724a97') in 0.011897 seconds
  Import took 0.014823 seconds .

========================================================================
Received Import Request.
  Time since last request: 0.868169 seconds.
  path: Assets/TutorialInfo/Icons/Help_Icon.png
  artifactKey: Guid(34f556d724b1bbf4097ca6220db2c581) Importer(815301076,1909f56bfc062723c751e8b465ee728b)
Start importing Assets/TutorialInfo/Icons/Help_Icon.png using Guid(34f556d724b1bbf4097ca6220db2c581) Importer(815301076,1909f56bfc062723c751e8b465ee728b)  -> (artifact id: 'b7fcd9dd14cd70cc3377f9b0fcf36837') in 0.018857 seconds
  Import took 0.021851 seconds .

========================================================================
Received Import Request.
  Time since last request: 0.000244 seconds.
  path: Assets/ExampleAssets/Textures/Props/Jigsaw/Jigsaw_MetallicOcculusionSmoothness.tif
  artifactKey: Guid(3017ed6fed9d3bb49ba99bf738e2d626) Importer(815301076,1909f56bfc062723c751e8b465ee728b)
Start importing Assets/ExampleAssets/Textures/Props/Jigsaw/Jigsaw_MetallicOcculusionSmoothness.tif using Guid(3017ed6fed9d3bb49ba99bf738e2d626) Importer(815301076,1909f56bfc062723c751e8b465ee728b)  -> (artifact id: 'fec0cc2013a4c83920e8a7bf1202baa1') in 0.013050 seconds
  Import took 0.015874 seconds .

========================================================================
Received Import Request.
  Time since last request: 0.000225 seconds.
  path: Assets/ExampleAssets/Textures/Metal/Metal_MetallicSmoothness.tif
  artifactKey: Guid(40da0395b61db4448b98bab66d6b549c) Importer(815301076,1909f56bfc062723c751e8b465ee728b)
Start importing Assets/ExampleAssets/Textures/Metal/Metal_MetallicSmoothness.tif using Guid(40da0395b61db4448b98bab66d6b549c) Importer(815301076,1909f56bfc062723c751e8b465ee728b)  -> (artifact id: 'd93a938171a3e89dd2a8903375d0f8da') in 0.011221 seconds
  Import took 0.014192 seconds .

========================================================================
Received Import Request.
  Time since last request: 0.000235 seconds.
  path: Assets/ExampleAssets/Textures/Wood/OBS_Albedo.tif
  artifactKey: Guid(7140a9bc83a12ea49a081dda89216fff) Importer(815301076,1909f56bfc062723c751e8b465ee728b)
Start importing Assets/ExampleAssets/Textures/Wood/OBS_Albedo.tif using Guid(7140a9bc83a12ea49a081dda89216fff) Importer(815301076,1909f56bfc062723c751e8b465ee728b)  -> (artifact id: 'd99022e2c6612c606b68607c8f4cf841') in 0.012938 seconds
  Import took 0.015711 seconds .

========================================================================
Received Import Request.
  Time since last request: 0.000205 seconds.
  path: Assets/ExampleAssets/Textures/Wood/OBS_MetallicOcculusionSmoothness.tif
  artifactKey: Guid(22638a9216f1ebf4cb43273a00879f51) Importer(815301076,1909f56bfc062723c751e8b465ee728b)
Start importing Assets/ExampleAssets/Textures/Wood/OBS_MetallicOcculusionSmoothness.tif using Guid(22638a9216f1ebf4cb43273a00879f51) Importer(815301076,1909f56bfc062723c751e8b465ee728b)  -> (artifact id: '3203c3933df0c010d731b44ef56d0396') in 0.013098 seconds
  Import took 0.015997 seconds .

========================================================================
Received Import Request.
  Time since last request: 0.000205 seconds.
  path: Assets/ExampleAssets/Textures/Wood/OBS_Normal.tif
  artifactKey: Guid(fcce267dfc966b6408dc2ebe0cfb60ed) Importer(815301076,1909f56bfc062723c751e8b465ee728b)
Start importing Assets/ExampleAssets/Textures/Wood/OBS_Normal.tif using Guid(fcce267dfc966b6408dc2ebe0cfb60ed) Importer(815301076,1909f56bfc062723c751e8b465ee728b)  -> (artifact id: '9bda6560e7024ee252460b1c53440fbb') in 0.012992 seconds
  Import took 0.016196 seconds .

========================================================================
Received Import Request.
  Time since last request: 0.000188 seconds.
  path: Assets/ExampleAssets/Textures/Props/Paint/PaintAnimMask.tif
  artifactKey: Guid(5e98de278b2ccc14f89b76b85596a3f3) Importer(815301076,1909f56bfc062723c751e8b465ee728b)
Start importing Assets/ExampleAssets/Textures/Props/Paint/PaintAnimMask.tif using Guid(5e98de278b2ccc14f89b76b85596a3f3) Importer(815301076,1909f56bfc062723c751e8b465ee728b)  -> (artifact id: 'adc94af59301ad450c1f20bd95d0bf7b') in 0.011772 seconds
  Import took 0.014484 seconds .

========================================================================
Received Import Request.
  Time since last request: 0.000226 seconds.
  path: Assets/ExampleAssets/Textures/Metal/Metal_Normal.tif
  artifactKey: Guid(3b0b7c1f4ac9f6b499e27cf84e722ff4) Importer(815301076,1909f56bfc062723c751e8b465ee728b)
Start importing Assets/ExampleAssets/Textures/Metal/Metal_Normal.tif using Guid(3b0b7c1f4ac9f6b499e27cf84e722ff4) Importer(815301076,1909f56bfc062723c751e8b465ee728b)  -> (artifact id: 'd5c5edb85ab14584c31c0b1b0795c27d') in 0.010981 seconds
  Import took 0.014023 seconds .

========================================================================
Received Import Request.
  Time since last request: 0.000210 seconds.
  path: Assets/ExampleAssets/Textures/Metal/Metal_MetallicSmoothness.tif
  artifactKey: Guid(40da0395b61db4448b98bab66d6b549c) Importer(815301076,1909f56bfc062723c751e8b465ee728b)
Start importing Assets/ExampleAssets/Textures/Metal/Metal_MetallicSmoothness.tif using Guid(40da0395b61db4448b98bab66d6b549c) Importer(815301076,1909f56bfc062723c751e8b465ee728b)  -> (artifact id: 'd93a938171a3e89dd2a8903375d0f8da') in 0.005030 seconds
  Import took 0.008052 seconds .

========================================================================
Received Import Request.
  Time since last request: 0.000266 seconds.
  path: Assets/ExampleAssets/Textures/Props/Paint/Paint5G_AlbedoSmoothness.tif
  artifactKey: Guid(5d25a5cd577a4c54e94fdf9cc6f1a631) Importer(815301076,1909f56bfc062723c751e8b465ee728b)
Start importing Assets/ExampleAssets/Textures/Props/Paint/Paint5G_AlbedoSmoothness.tif using Guid(5d25a5cd577a4c54e94fdf9cc6f1a631) Importer(815301076,1909f56bfc062723c751e8b465ee728b)  -> (artifact id: '17c04dcf593f59e3591dba0e47be7846') in 0.024009 seconds
  Import took 0.026886 seconds .

========================================================================
Received Import Request.
  Time since last request: 0.000186 seconds.
  path: Assets/ExampleAssets/Textures/Props/Paint/PaintLabel.tif
  artifactKey: Guid(e5c37ab0c7b37af4f981195d3caaf4b4) Importer(815301076,1909f56bfc062723c751e8b465ee728b)
Start importing Assets/ExampleAssets/Textures/Props/Paint/PaintLabel.tif using Guid(e5c37ab0c7b37af4f981195d3caaf4b4) Importer(815301076,1909f56bfc062723c751e8b465ee728b)  -> (artifact id: 'e970ac3d75a33f9ac0e936d7b2097c2c') in 0.011447 seconds
  Import took 0.014330 seconds .

========================================================================
Received Import Request.
  Time since last request: 0.000243 seconds.
  path: Assets/ExampleAssets/Textures/Plastic/PlasticRidges_Normal.tif
  artifactKey: Guid(c021d051fa0cba84282b4a2577aa85c5) Importer(815301076,1909f56bfc062723c751e8b465ee728b)
Start importing Assets/ExampleAssets/Textures/Plastic/PlasticRidges_Normal.tif using Guid(c021d051fa0cba84282b4a2577aa85c5) Importer(815301076,1909f56bfc062723c751e8b465ee728b)  -> (artifact id: '546f33e9552258af997fde09b9f59f05') in 0.013373 seconds
  Import took 0.016252 seconds .

========================================================================
Received Import Request.
  Time since last request: 0.000191 seconds.
  path: Assets/ExampleAssets/Textures/Wood/Plywood_MetallicOcculusionSmoothness.tif
  artifactKey: Guid(2e38f7921b7d7b1418ab63c08117ffb8) Importer(815301076,1909f56bfc062723c751e8b465ee728b)
Start importing Assets/ExampleAssets/Textures/Wood/Plywood_MetallicOcculusionSmoothness.tif using Guid(2e38f7921b7d7b1418ab63c08117ffb8) Importer(815301076,1909f56bfc062723c751e8b465ee728b)  -> (artifact id: '9cc6eeb25c954b6847b8affb52cecd63') in 0.012254 seconds
  Import took 0.015376 seconds .

========================================================================
Received Import Request.
  Time since last request: 0.000246 seconds.
  path: Assets/ExampleAssets/Textures/Plastic/PlasticRough_Albedo.tif
  artifactKey: Guid(7b82d12aad56cc445b99fd1cf06a232d) Importer(815301076,1909f56bfc062723c751e8b465ee728b)
Start importing Assets/ExampleAssets/Textures/Plastic/PlasticRough_Albedo.tif using Guid(7b82d12aad56cc445b99fd1cf06a232d) Importer(815301076,1909f56bfc062723c751e8b465ee728b)  -> (artifact id: '332eac7834763ae5cfd150d1de54c537') in 0.012889 seconds
  Import took 0.016020 seconds .

========================================================================
Received Import Request.
  Time since last request: 0.000206 seconds.
  path: Assets/ExampleAssets/Textures/Wood/Plywood_Albedo.tif
  artifactKey: Guid(9644eb6aca67672449e2bcbb0eab8e84) Importer(815301076,1909f56bfc062723c751e8b465ee728b)
Start importing Assets/ExampleAssets/Textures/Wood/Plywood_Albedo.tif using Guid(9644eb6aca67672449e2bcbb0eab8e84) Importer(815301076,1909f56bfc062723c751e8b465ee728b)  -> (artifact id: '95fbe358f653c2d4572dc21e83e064f3') in 0.011882 seconds
  Import took 0.015144 seconds .

========================================================================
Received Import Request.
  Time since last request: 0.000254 seconds.
  path: Assets/ExampleAssets/Textures/Plastic/Plastic_AlbedoSmoothness.tif
  artifactKey: Guid(1f89fed00b6bc904c861ab847a811cb8) Importer(815301076,1909f56bfc062723c751e8b465ee728b)
Start importing Assets/ExampleAssets/Textures/Plastic/Plastic_AlbedoSmoothness.tif using Guid(1f89fed00b6bc904c861ab847a811cb8) Importer(815301076,1909f56bfc062723c751e8b465ee728b)  -> (artifact id: 'd0c5cbe5ce6594254fe8c0f241abd648') in 0.011625 seconds
  Import took 0.014698 seconds .

========================================================================
Received Import Request.
  Time since last request: 0.000238 seconds.
  path: Assets/ExampleAssets/Textures/Wood/Plywood_Normal.tif
  artifactKey: Guid(2148396b133b56f40baa7ea4fd22982a) Importer(815301076,1909f56bfc062723c751e8b465ee728b)
Start importing Assets/ExampleAssets/Textures/Wood/Plywood_Normal.tif using Guid(2148396b133b56f40baa7ea4fd22982a) Importer(815301076,1909f56bfc062723c751e8b465ee728b)  -> (artifact id: 'b8a42e970521efab752e7590f6e3f7fd') in 0.014575 seconds
  Import took 0.017470 seconds .

========================================================================
Received Import Request.
  Time since last request: 0.000204 seconds.
  path: Assets/ExampleAssets/Textures/Props/HardHat/SafetyHat_MetallicOcculusionSmoothness.tif
  artifactKey: Guid(6f61f8dd4499250438f1aa39448e860a) Importer(815301076,1909f56bfc062723c751e8b465ee728b)
Start importing Assets/ExampleAssets/Textures/Props/HardHat/SafetyHat_MetallicOcculusionSmoothness.tif using Guid(6f61f8dd4499250438f1aa39448e860a) Importer(815301076,1909f56bfc062723c751e8b465ee728b)  -> (artifact id: '0e720da7d261af3821ba45171bf11d1f') in 0.011843 seconds
  Import took 0.014991 seconds .

========================================================================
Received Import Request.
  Time since last request: 0.000243 seconds.
  path: Assets/ExampleAssets/Textures/Props/Paint/Paint1G_Normal.tif
  artifactKey: Guid(ac80c335ebd6dde4fa54a82050064545) Importer(815301076,1909f56bfc062723c751e8b465ee728b)
Start importing Assets/ExampleAssets/Textures/Props/Paint/Paint1G_Normal.tif using Guid(ac80c335ebd6dde4fa54a82050064545) Importer(815301076,1909f56bfc062723c751e8b465ee728b)  -> (artifact id: '9fcd67c3c7f552d6a4093bac94fa61a8') in 0.011268 seconds
  Import took 0.014866 seconds .

========================================================================
Received Import Request.
  Time since last request: 0.000194 seconds.
  path: Assets/ExampleAssets/Textures/Props/Paint/Paint1G_Albedo.tif
  artifactKey: Guid(2de0d72a6700bd94ea57111b29e246fc) Importer(815301076,1909f56bfc062723c751e8b465ee728b)
Start importing Assets/ExampleAssets/Textures/Props/Paint/Paint1G_Albedo.tif using Guid(2de0d72a6700bd94ea57111b29e246fc) Importer(815301076,1909f56bfc062723c751e8b465ee728b)  -> (artifact id: 'e0c490998608570bbd062df42d5e1acc') in 0.012289 seconds
  Import took 0.015315 seconds .

========================================================================
Received Import Request.
  Time since last request: 0.000199 seconds.
  path: Assets/ExampleAssets/Textures/Plastic/Plastic_Normal.tif
  artifactKey: Guid(e109905c411b0f84e82eaaf2705ece30) Importer(815301076,1909f56bfc062723c751e8b465ee728b)
Start importing Assets/ExampleAssets/Textures/Plastic/Plastic_Normal.tif using Guid(e109905c411b0f84e82eaaf2705ece30) Importer(815301076,1909f56bfc062723c751e8b465ee728b)  -> (artifact id: 'a8fe8efc3c43586981cfab0da7d4d62c') in 0.012211 seconds
  Import took 0.015271 seconds .

========================================================================
Received Import Request.
  Time since last request: 0.000245 seconds.
  path: Assets/ExampleAssets/Textures/Props/Paint/Paintbrush_MetallicOcculusionSmoothness.tif
  artifactKey: Guid(888916a5e87c05948b1a97b3c0d42556) Importer(815301076,1909f56bfc062723c751e8b465ee728b)
Start importing Assets/ExampleAssets/Textures/Props/Paint/Paintbrush_MetallicOcculusionSmoothness.tif using Guid(888916a5e87c05948b1a97b3c0d42556) Importer(815301076,1909f56bfc062723c751e8b465ee728b)  -> (artifact id: '750de5c4053467d0ee54258ac2fec096') in 0.011613 seconds
  Import took 0.014864 seconds .

========================================================================
Received Import Request.
  Time since last request: 0.000210 seconds.
  path: Assets/ExampleAssets/Textures/Props/Paint/Paintbrush_Normal.tif
  artifactKey: Guid(09e745bf0b8ff6a4bb5785d14168289a) Importer(815301076,1909f56bfc062723c751e8b465ee728b)
Start importing Assets/ExampleAssets/Textures/Props/Paint/Paintbrush_Normal.tif using Guid(09e745bf0b8ff6a4bb5785d14168289a) Importer(815301076,1909f56bfc062723c751e8b465ee728b)  -> (artifact id: '86b9560a204067f30708caf7f7170316') in 0.011700 seconds
  Import took 0.014646 seconds .

========================================================================
Received Import Request.
  Time since last request: 0.000253 seconds.
  path: Assets/ExampleAssets/Textures/Metal/Metal_Albedo.tif
  artifactKey: Guid(77583f99dea53b641804bb357092ec83) Importer(815301076,1909f56bfc062723c751e8b465ee728b)
Start importing Assets/ExampleAssets/Textures/Metal/Metal_Albedo.tif using Guid(77583f99dea53b641804bb357092ec83) Importer(815301076,1909f56bfc062723c751e8b465ee728b)  -> (artifact id: '177e356c832ebe0bf4ee4f5886fa21f4') in 0.011470 seconds
  Import took 0.014402 seconds .

========================================================================
Received Import Request.
  Time since last request: 0.000200 seconds.
  path: Assets/ExampleAssets/Textures/Props/Jigsaw/Jigsaw_Normal.tif
  artifactKey: Guid(06969fc081d8cc146af6634f75abe652) Importer(815301076,1909f56bfc062723c751e8b465ee728b)
Start importing Assets/ExampleAssets/Textures/Props/Jigsaw/Jigsaw_Normal.tif using Guid(06969fc081d8cc146af6634f75abe652) Importer(815301076,1909f56bfc062723c751e8b465ee728b)  -> (artifact id: '370d479d3af88658eecb02949e41c972') in 0.011446 seconds
  Import took 0.014791 seconds .

========================================================================
Received Import Request.
  Time since last request: 0.000217 seconds.
  path: Assets/TutorialInfo/Icons/UniversalIcon.png
  artifactKey: Guid(7801804018a7dcf42abb827444e18660) Importer(815301076,1909f56bfc062723c751e8b465ee728b)
Start importing Assets/TutorialInfo/Icons/UniversalIcon.png using Guid(7801804018a7dcf42abb827444e18660) Importer(815301076,1909f56bfc062723c751e8b465ee728b)  -> (artifact id: '85e38f88820136194bd60561d0514b9c') in 0.012018 seconds
  Import took 0.015034 seconds .

========================================================================
Received Import Request.
  Time since last request: 0.000239 seconds.
  path: Assets/ExampleAssets/Textures/Props/Paint/Paintbrush_Albedo.tif
  artifactKey: Guid(4675081b0baf66345adc734388155502) Importer(815301076,1909f56bfc062723c751e8b465ee728b)
Start importing Assets/ExampleAssets/Textures/Props/Paint/Paintbrush_Albedo.tif using Guid(4675081b0baf66345adc734388155502) Importer(815301076,1909f56bfc062723c751e8b465ee728b)  -> (artifact id: '792c476d65601c04eb842cda4814af5c') in 0.011902 seconds
  Import took 0.014837 seconds .

========================================================================
Received Import Request.
  Time since last request: 0.000233 seconds.
  path: Assets/ExampleAssets/Textures/Plastic/PlasticRidges_MetallicOcculusionSmoothness.tif
  artifactKey: Guid(201c1f77fe872924a86132486bc97e82) Importer(815301076,1909f56bfc062723c751e8b465ee728b)
Start importing Assets/ExampleAssets/Textures/Plastic/PlasticRidges_MetallicOcculusionSmoothness.tif using Guid(201c1f77fe872924a86132486bc97e82) Importer(815301076,1909f56bfc062723c751e8b465ee728b)  -> (artifact id: '546fbe2dd9c602d02a864537bbc71507') in 0.012312 seconds
  Import took 0.015159 seconds .

========================================================================
Received Import Request.
  Time since last request: 0.000229 seconds.
  path: Assets/ExampleAssets/Textures/Plastic/PlasticRidges_Albedo.tif
  artifactKey: Guid(ecb23393a0d1b424a82fff68a4c00a66) Importer(815301076,1909f56bfc062723c751e8b465ee728b)
Start importing Assets/ExampleAssets/Textures/Plastic/PlasticRidges_Albedo.tif using Guid(ecb23393a0d1b424a82fff68a4c00a66) Importer(815301076,1909f56bfc062723c751e8b465ee728b)  -> (artifact id: '4f21ee99a8d59fef8c9b681b4b4220a3') in 0.011623 seconds
  Import took 0.014809 seconds .

========================================================================
Received Import Request.
  Time since last request: 0.000226 seconds.
  path: Assets/ExampleAssets/Textures/Props/HardHat/SafetyHat_Albedo.tif
  artifactKey: Guid(dd61af2ec9847eb4d8e17529fa61b143) Importer(815301076,1909f56bfc062723c751e8b465ee728b)
Start importing Assets/ExampleAssets/Textures/Props/HardHat/SafetyHat_Albedo.tif using Guid(dd61af2ec9847eb4d8e17529fa61b143) Importer(815301076,1909f56bfc062723c751e8b465ee728b)  -> (artifact id: '157a92077b9b455a1659a62c588aabca') in 0.014270 seconds
  Import took 0.017113 seconds .

========================================================================
Received Import Request.
  Time since last request: 0.000206 seconds.
  path: Assets/ExampleAssets/Textures/Props/Jigsaw/Jigsaw_Albedo.tif
  artifactKey: Guid(b3f247b26e080ca468f1daa963c192ee) Importer(815301076,1909f56bfc062723c751e8b465ee728b)
Start importing Assets/ExampleAssets/Textures/Props/Jigsaw/Jigsaw_Albedo.tif using Guid(b3f247b26e080ca468f1daa963c192ee) Importer(815301076,1909f56bfc062723c751e8b465ee728b)  -> (artifact id: '04e2b12bdaa3adf377d65979d62bb708') in 0.011971 seconds
  Import took 0.015035 seconds .

========================================================================
Received Import Request.
  Time since last request: 0.000214 seconds.
  path: Assets/ExampleAssets/Textures/Props/HardHat/SafetyHat_Normal.tif
  artifactKey: Guid(d608c45da8580c9408ee50eb9a8c40f3) Importer(815301076,1909f56bfc062723c751e8b465ee728b)
Start importing Assets/ExampleAssets/Textures/Props/HardHat/SafetyHat_Normal.tif using Guid(d608c45da8580c9408ee50eb9a8c40f3) Importer(815301076,1909f56bfc062723c751e8b465ee728b)  -> (artifact id: '820d9e116850587a18965f351372529c') in 0.011780 seconds
  Import took 0.014951 seconds .

========================================================================
Received Import Request.
  Time since last request: 0.000171 seconds.
  path: Assets/ExampleAssets/Textures/Props/Paint/Paint1G_MetallicOcculusionRoughness.tif
  artifactKey: Guid(ca084ebab0cef7c4ba746cdb442f9c1e) Importer(815301076,1909f56bfc062723c751e8b465ee728b)
Start importing Assets/ExampleAssets/Textures/Props/Paint/Paint1G_MetallicOcculusionRoughness.tif using Guid(ca084ebab0cef7c4ba746cdb442f9c1e) Importer(815301076,1909f56bfc062723c751e8b465ee728b)  -> (artifact id: '3bd698a35aacc380bbaf6cf224c973b7') in 0.012688 seconds
  Import took 0.015681 seconds .

========================================================================
Received Import Request.
  Time since last request: 0.000198 seconds.
  path: Assets/ExampleAssets/Textures/Plastic/PlasticRough_MetallicOcculusionSmoothness.tif
  artifactKey: Guid(ee7680f1374ab4449b6d5f6b2c2c1936) Importer(815301076,1909f56bfc062723c751e8b465ee728b)
Start importing Assets/ExampleAssets/Textures/Plastic/PlasticRough_MetallicOcculusionSmoothness.tif using Guid(ee7680f1374ab4449b6d5f6b2c2c1936) Importer(815301076,1909f56bfc062723c751e8b465ee728b)  -> (artifact id: 'a7d4d9e8e226d51873698477c54fbccf') in 0.012299 seconds
  Import took 0.015425 seconds .

========================================================================
Received Import Request.
  Time since last request: 8.809223 seconds.
  path: Assets/Scripts
  artifactKey: Guid(02a3527b6b33a924e8ec66aa805ea717) Importer(815301076,1909f56bfc062723c751e8b465ee728b)
Start importing Assets/Scripts using Guid(02a3527b6b33a924e8ec66aa805ea717) Importer(815301076,1909f56bfc062723c751e8b465ee728b)  -> (artifact id: 'dee8d497d1bd0eb168213dadc1c50a3c') in 0.006123 seconds
  Import took 0.009039 seconds .

========================================================================
Received Import Request.
  Time since last request: 35.941068 seconds.
  path: Assets/Textures/Skybox.jpg
  artifactKey: Guid(871a6dfc1954947458baa90c685494e7) Importer(815301076,1909f56bfc062723c751e8b465ee728b)
Start importing Assets/Textures/Skybox.jpg using Guid(871a6dfc1954947458baa90c685494e7) Importer(815301076,1909f56bfc062723c751e8b465ee728b)  -> (artifact id: '500d53c94c2c4205e8a8dba3667c4f3c') in 0.037816 seconds
  Import took 0.042035 seconds .

========================================================================
Received Import Request.
  Time since last request: 81.016665 seconds.
  path: Assets/Textures/Skybox.jpg
  artifactKey: Guid(871a6dfc1954947458baa90c685494e7) Importer(815301076,1909f56bfc062723c751e8b465ee728b)
Start importing Assets/Textures/Skybox.jpg using Guid(871a6dfc1954947458baa90c685494e7) Importer(815301076,1909f56bfc062723c751e8b465ee728b)  -> (artifact id: '83ec0ce6a5f141e09946d2b22f372304') in 0.090095 seconds
  Import took 0.099105 seconds .

========================================================================
Received Import Request.
  Time since last request: 42.821995 seconds.
  path: Assets/Textures/Skybox.jpg
  artifactKey: Guid(871a6dfc1954947458baa90c685494e7) Importer(815301076,1909f56bfc062723c751e8b465ee728b)
Start importing Assets/Textures/Skybox.jpg using Guid(871a6dfc1954947458baa90c685494e7) Importer(815301076,1909f56bfc062723c751e8b465ee728b)  -> (artifact id: '98ee873e6bb86cfad3ac97e6d7e45cb8') in 0.035982 seconds
  Import took 0.039762 seconds .

========================================================================
Received Import Request.
  Time since last request: 1127.974401 seconds.
  path: Assets/Textures/Skybox.jpg
  artifactKey: Guid(871a6dfc1954947458baa90c685494e7) Importer(815301076,1909f56bfc062723c751e8b465ee728b)
Start importing Assets/Textures/Skybox.jpg using Guid(871a6dfc1954947458baa90c685494e7) Importer(815301076,1909f56bfc062723c751e8b465ee728b)  -> (artifact id: '17111a495c56e75af4c8ceb7355a0298') in 0.073844 seconds
  Import took 0.087272 seconds .

========================================================================
Received Import Request.
  Time since last request: 0.000252 seconds.
  path: Assets/Textures/Skybox_spheremap.jpg
  artifactKey: Guid(da6cbb7beb2c7c944baefdf083f33384) Importer(815301076,1909f56bfc062723c751e8b465ee728b)
Start importing Assets/Textures/Skybox_spheremap.jpg using Guid(da6cbb7beb2c7c944baefdf083f33384) Importer(815301076,1909f56bfc062723c751e8b465ee728b)  -> (artifact id: '533d9947d1ef91b49ccb3a02ff4e6b71') in 0.050866 seconds
  Import took 0.056360 seconds .

========================================================================
Received Import Request.
  Time since last request: 20.781085 seconds.
  path: Assets/Scenes
  artifactKey: Guid(f4fbd865838523942954b8d9212ee55f) Importer(815301076,1909f56bfc062723c751e8b465ee728b)
Start importing Assets/Scenes using Guid(f4fbd865838523942954b8d9212ee55f) Importer(815301076,1909f56bfc062723c751e8b465ee728b)  -> (artifact id: 'e61d283d245a3f5676092add77987725') in 0.005601 seconds
  Import took 0.009421 seconds .

========================================================================
Received Import Request.
  Time since last request: 29.212815 seconds.
  path: Assets/Textures/Skybox_spheremap.jpg
  artifactKey: Guid(da6cbb7beb2c7c944baefdf083f33384) Importer(815301076,1909f56bfc062723c751e8b465ee728b)
Start importing Assets/Textures/Skybox_spheremap.jpg using Guid(da6cbb7beb2c7c944baefdf083f33384) Importer(815301076,1909f56bfc062723c751e8b465ee728b)  -> (artifact id: '84140ca96406bf85686b0d501774e195') in 0.065996 seconds
  Import took 0.072912 seconds .

========================================================================
Received Import Request.
  Time since last request: 41.299636 seconds.
  path: Assets/Textures/Skybox_spheremap.jpg
  artifactKey: Guid(da6cbb7beb2c7c944baefdf083f33384) Importer(815301076,1909f56bfc062723c751e8b465ee728b)
Start importing Assets/Textures/Skybox_spheremap.jpg using Guid(da6cbb7beb2c7c944baefdf083f33384) Importer(815301076,1909f56bfc062723c751e8b465ee728b)  -> (artifact id: '867beab707e8ef3567ae85bb03a0c1fc') in 0.024726 seconds
  Import took 0.029894 seconds .

========================================================================
Received Import Request.
  Time since last request: 1977.439966 seconds.
  path: Assets/Textures/Skybox.jpg
  artifactKey: Guid(871a6dfc1954947458baa90c685494e7) Importer(815301076,1909f56bfc062723c751e8b465ee728b)
Start importing Assets/Textures/Skybox.jpg using Guid(871a6dfc1954947458baa90c685494e7) Importer(815301076,1909f56bfc062723c751e8b465ee728b)  -> (artifact id: '2f636a3d91688b53161c3d58be68d5e8') in 0.184770 seconds
  Import took 0.209833 seconds .

========================================================================
Received Import Request.
  Time since last request: 423.299875 seconds.
  path: Assets/Textures/Skybox_smallStarts.jpg
  artifactKey: Guid(d5ca0fd37b8385f488de11621681c355) Importer(815301076,1909f56bfc062723c751e8b465ee728b)
Start importing Assets/Textures/Skybox_smallStarts.jpg using Guid(d5ca0fd37b8385f488de11621681c355) Importer(815301076,1909f56bfc062723c751e8b465ee728b)  -> (artifact id: 'dba00ec7ac072ff57d2feacd5aa3d05e') in 0.144365 seconds
  Import took 0.152149 seconds .

========================================================================
Received Import Request.
  Time since last request: 11.232401 seconds.
  path: Assets/Textures/Skybox_smallStarts.jpg
  artifactKey: Guid(d5ca0fd37b8385f488de11621681c355) Importer(815301076,1909f56bfc062723c751e8b465ee728b)
Start importing Assets/Textures/Skybox_smallStarts.jpg using Guid(d5ca0fd37b8385f488de11621681c355) Importer(815301076,1909f56bfc062723c751e8b465ee728b)  -> (artifact id: '8618b559d85369ab4ca56f90cb849b71') in 0.051815 seconds
  Import took 0.056133 seconds .

========================================================================
Received Import Request.
  Time since last request: 99.523342 seconds.
  path: Assets/Materials/Panel.mat
  artifactKey: Guid(bb3bc8906fd74554489a37537c741bf9) Importer(815301076,1909f56bfc062723c751e8b465ee728b)
Start importing Assets/Materials/Panel.mat using Guid(bb3bc8906fd74554489a37537c741bf9) Importer(815301076,1909f56bfc062723c751e8b465ee728b)  -> (artifact id: '7fca9ef68176a87d18553a250dc70eae') in 0.071151 seconds
  Import took 0.075868 seconds .

========================================================================
Received Import Request.
  Time since last request: 0.000129 seconds.
  path: Assets/Materials/Skybox_Night.mat
  artifactKey: Guid(537c9f4159352794fb43ff6e7c6214c5) Importer(815301076,1909f56bfc062723c751e8b465ee728b)
Start importing Assets/Materials/Skybox_Night.mat using Guid(537c9f4159352794fb43ff6e7c6214c5) Importer(815301076,1909f56bfc062723c751e8b465ee728b)  -> (artifact id: '6cd2d9712a72e2e79aac8f29f93f2161') in 0.049668 seconds
  Import took 0.053997 seconds .

========================================================================
Received Import Request.
  Time since last request: 149.487106 seconds.
  path: Packages/com.unity.render-pipelines.universal/Runtime/Materials/ParticlesUnlit.mat
  artifactKey: Guid(e823cd5b5d27c0f4b8256e7c12ee3e6d) Importer(815301076,1909f56bfc062723c751e8b465ee728b)
Start importing Packages/com.unity.render-pipelines.universal/Runtime/Materials/ParticlesUnlit.mat using Guid(e823cd5b5d27c0f4b8256e7c12ee3e6d) Importer(815301076,1909f56bfc062723c751e8b465ee728b)  -> (artifact id: 'bcc60868f769a043adf262d7e4341335') in 0.078815 seconds
  Import took 0.084196 seconds .

========================================================================
Received Import Request.
  Time since last request: 826.771325 seconds.
  path: Assets/Materials/New Material.mat
  artifactKey: Guid(b782a8015a98ac743a85c7e5af71f009) Importer(815301076,1909f56bfc062723c751e8b465ee728b)
Start importing Assets/Materials/New Material.mat using Guid(b782a8015a98ac743a85c7e5af71f009) Importer(815301076,1909f56bfc062723c751e8b465ee728b)  -> (artifact id: 'd5991173d691f4aad529e510de2aa36d') in 0.019693 seconds
  Import took 0.023221 seconds .

========================================================================
Received Import Request.
  Time since last request: 0.057194 seconds.
  path: Assets/Materials/New Material.mat
  artifactKey: Guid(b782a8015a98ac743a85c7e5af71f009) Importer(815301076,1909f56bfc062723c751e8b465ee728b)
Start importing Assets/Materials/New Material.mat using Guid(b782a8015a98ac743a85c7e5af71f009) Importer(815301076,1909f56bfc062723c751e8b465ee728b)  -> (artifact id: '477d1c7da414cb82a4303fad402a980a') in 0.009272 seconds
  Import took 0.013128 seconds .

========================================================================
Received Import Request.
  Time since last request: 0.000200 seconds.
  path: Assets/Materials/Panel.mat
  artifactKey: Guid(bb3bc8906fd74554489a37537c741bf9) Importer(815301076,1909f56bfc062723c751e8b465ee728b)
Start importing Assets/Materials/Panel.mat using Guid(bb3bc8906fd74554489a37537c741bf9) Importer(815301076,1909f56bfc062723c751e8b465ee728b)  -> (artifact id: '6f5c695be941583e287451bbfe1df73e') in 0.025543 seconds
  Import took 0.028324 seconds .

========================================================================
Received Import Request.
  Time since last request: 22.263593 seconds.
  path: Assets/Textures/andromeda-11004_640.jpg
  artifactKey: Guid(51b77e18257c48a418f4008d8edd1892) Importer(815301076,1909f56bfc062723c751e8b465ee728b)
Start importing Assets/Textures/andromeda-11004_640.jpg using Guid(51b77e18257c48a418f4008d8edd1892) Importer(815301076,1909f56bfc062723c751e8b465ee728b)  -> (artifact id: 'a672fd451ca4ea432384087455a6ff65') in 0.016715 seconds
  Import took 0.021074 seconds .

========================================================================
Received Import Request.
  Time since last request: 0.002116 seconds.
  path: Assets/Textures/andromeda-11004_640.jpg
  artifactKey: Guid(51b77e18257c48a418f4008d8edd1892) Importer(815301076,1909f56bfc062723c751e8b465ee728b)
Start importing Assets/Textures/andromeda-11004_640.jpg using Guid(51b77e18257c48a418f4008d8edd1892) Importer(815301076,1909f56bfc062723c751e8b465ee728b)  -> (artifact id: 'a672fd451ca4ea432384087455a6ff65') in 0.024379 seconds
  Import took 0.027618 seconds .

========================================================================
Received Import Request.
  Time since last request: 1.156861 seconds.
  path: Assets/Textures/galaxy-11139_640.jpg
  artifactKey: Guid(166c3f240d1d7804cb0c86cfafd24905) Importer(815301076,1909f56bfc062723c751e8b465ee728b)
Start importing Assets/Textures/galaxy-11139_640.jpg using Guid(166c3f240d1d7804cb0c86cfafd24905) Importer(815301076,1909f56bfc062723c751e8b465ee728b)  -> (artifact id: '618732f66d2ed0d32fe30711dc561d6a') in 0.010811 seconds
  Import took 0.014498 seconds .

========================================================================
Received Import Request.
  Time since last request: 2.463293 seconds.
  path: Assets/Textures/Galaxy1.jpg
  artifactKey: Guid(ffd325e784893cd4d853f69502c18b11) Importer(815301076,1909f56bfc062723c751e8b465ee728b)
Start importing Assets/Textures/Galaxy1.jpg using Guid(ffd325e784893cd4d853f69502c18b11) Importer(815301076,1909f56bfc062723c751e8b465ee728b)  -> (artifact id: '29ad1f93d9dd636af578ef0681ac0d13') in 0.011442 seconds
  Import took 0.015276 seconds .

========================================================================
Received Import Request.
  Time since last request: 0.000204 seconds.
  path: Assets/Textures/Galaxy1.png
  artifactKey: Guid(867030b1b999db74898c8a973a406d6e) Importer(815301076,1909f56bfc062723c751e8b465ee728b)
Start importing Assets/Textures/Galaxy1.png using Guid(867030b1b999db74898c8a973a406d6e) Importer(815301076,1909f56bfc062723c751e8b465ee728b)  -> (artifact id: '6298de0d6b647e89f62b22fb5c004f77') in 0.011623 seconds
  Import took 0.015334 seconds .

========================================================================
Received Import Request.
  Time since last request: 0.184100 seconds.
  path: Assets/Textures/m31-3613931_640.jpg
  artifactKey: Guid(9890839f882098d44bc3922724ac23c8) Importer(815301076,1909f56bfc062723c751e8b465ee728b)
Start importing Assets/Textures/m31-3613931_640.jpg using Guid(9890839f882098d44bc3922724ac23c8) Importer(815301076,1909f56bfc062723c751e8b465ee728b)  -> (artifact id: '461335163537882003446ed7368d92ed') in 0.011903 seconds
  Import took 0.015162 seconds .

========================================================================
Received Import Request.
  Time since last request: 0.052149 seconds.
  path: Assets/Textures/ngc-2082-11052_1280.jpg
  artifactKey: Guid(4ba69952a0846004fbeacd90a78972f3) Importer(815301076,1909f56bfc062723c751e8b465ee728b)
Start importing Assets/Textures/ngc-2082-11052_1280.jpg using Guid(4ba69952a0846004fbeacd90a78972f3) Importer(815301076,1909f56bfc062723c751e8b465ee728b)  -> (artifact id: '7f86e530ff21e3aae0ef320270656f37') in 0.017341 seconds
  Import took 0.020363 seconds .

========================================================================
Received Import Request.
  Time since last request: 0.000232 seconds.
  path: Assets/Textures/ngc-2818-11126_640.jpg
  artifactKey: Guid(d713ec4283039e447b75e214ca1df723) Importer(815301076,1909f56bfc062723c751e8b465ee728b)
Start importing Assets/Textures/ngc-2818-11126_640.jpg using Guid(d713ec4283039e447b75e214ca1df723) Importer(815301076,1909f56bfc062723c751e8b465ee728b)  -> (artifact id: '7945cd617d6c4b7d7c9a254c8a6b594f') in 0.014834 seconds
  Import took 0.018550 seconds .

========================================================================
Received Import Request.
  Time since last request: 0.026208 seconds.
  path: Assets/Textures/ngc-4414-11016_640.jpg
  artifactKey: Guid(9b23999eeb1ae514aadf934879735bdf) Importer(815301076,1909f56bfc062723c751e8b465ee728b)
Start importing Assets/Textures/ngc-4414-11016_640.jpg using Guid(9b23999eeb1ae514aadf934879735bdf) Importer(815301076,1909f56bfc062723c751e8b465ee728b)  -> (artifact id: 'b89b5bf5ed6a6fc87d90e2a97f68aafe') in 0.012465 seconds
  Import took 0.016179 seconds .

========================================================================
Received Import Request.
  Time since last request: 0.004575 seconds.
  path: Assets/Textures/ngc-4414-11016_640.jpg
  artifactKey: Guid(9b23999eeb1ae514aadf934879735bdf) Importer(815301076,1909f56bfc062723c751e8b465ee728b)
Start importing Assets/Textures/ngc-4414-11016_640.jpg using Guid(9b23999eeb1ae514aadf934879735bdf) Importer(815301076,1909f56bfc062723c751e8b465ee728b)  -> (artifact id: 'b89b5bf5ed6a6fc87d90e2a97f68aafe') in 0.010114 seconds
  Import took 0.013941 seconds .

========================================================================
Received Import Request.
  Time since last request: 0.046159 seconds.
  path: Assets/Textures/orion-nebula-11107_640.jpg
  artifactKey: Guid(17f7b937ff47b044a91d25218e0ca158) Importer(815301076,1909f56bfc062723c751e8b465ee728b)
Start importing Assets/Textures/orion-nebula-11107_640.jpg using Guid(17f7b937ff47b044a91d25218e0ca158) Importer(815301076,1909f56bfc062723c751e8b465ee728b)  -> (artifact id: 'deb10275bd8377e0aafdba7ff9afd55a') in 0.011583 seconds
  Import took 0.014584 seconds .

========================================================================
Received Import Request.
  Time since last request: 56.187917 seconds.
  path: Assets/ExampleAssets/Materials/PaintLabel_Mat.mat
  artifactKey: Guid(3da4aad06945bbf4baf801c2aacbc01e) Importer(815301076,1909f56bfc062723c751e8b465ee728b)
Start importing Assets/ExampleAssets/Materials/PaintLabel_Mat.mat using Guid(3da4aad06945bbf4baf801c2aacbc01e) Importer(815301076,1909f56bfc062723c751e8b465ee728b)  -> (artifact id: '8ec7830d0475bc3f77ec54f93dc932b3') in 0.284755 seconds
  Import took 0.288851 seconds .

========================================================================
Received Import Request.
  Time since last request: 0.000204 seconds.
  path: Assets/ExampleAssets/Models/safetygoggles_low.fbx
  artifactKey: Guid(6296e48663fd7ad46b1a2af507f871cf) Importer(815301076,1909f56bfc062723c751e8b465ee728b)
Start importing Assets/ExampleAssets/Models/safetygoggles_low.fbx using Guid(6296e48663fd7ad46b1a2af507f871cf) Importer(815301076,1909f56bfc062723c751e8b465ee728b)  -> (artifact id: '16ad47c14eebdc15e1884d7ae83552c8') in 0.275515 seconds
  Import took 0.278728 seconds .

========================================================================
Received Import Request.
  Time since last request: 0.000150 seconds.
  path: Assets/ExampleAssets/Models/magneticlevel_low.fbx
  artifactKey: Guid(bae110eee250e4b418b188f4ae4e3170) Importer(815301076,1909f56bfc062723c751e8b465ee728b)
Start importing Assets/ExampleAssets/Models/magneticlevel_low.fbx using Guid(bae110eee250e4b418b188f4ae4e3170) Importer(815301076,1909f56bfc062723c751e8b465ee728b)  -> (artifact id: 'f08154b5783bd34b4a47d4a1a3a558c0') in 0.037063 seconds
  Import took 0.040409 seconds .

========================================================================
Received Import Request.
  Time since last request: 0.000246 seconds.
  path: Assets/ExampleAssets/Materials/PaintLabel_Mat.mat
  artifactKey: Guid(3da4aad06945bbf4baf801c2aacbc01e) Importer(815301076,1909f56bfc062723c751e8b465ee728b)
Start importing Assets/ExampleAssets/Materials/PaintLabel_Mat.mat using Guid(3da4aad06945bbf4baf801c2aacbc01e) Importer(815301076,1909f56bfc062723c751e8b465ee728b)  -> (artifact id: '8ec7830d0475bc3f77ec54f93dc932b3') in 0.011621 seconds
  Import took 0.014572 seconds .

========================================================================
Received Import Request.
  Time since last request: 0.000209 seconds.
  path: Assets/ExampleAssets/Models/Workbench.fbx
  artifactKey: Guid(efe9381559c516743bd05cef82f39ebb) Importer(815301076,1909f56bfc062723c751e8b465ee728b)
Start importing Assets/ExampleAssets/Models/Workbench.fbx using Guid(efe9381559c516743bd05cef82f39ebb) Importer(815301076,1909f56bfc062723c751e8b465ee728b)  -> (artifact id: '1a8a5a1caebf7704f36be9db71fb953a') in 0.083611 seconds
  Import took 0.086492 seconds .

========================================================================
Received Import Request.
  Time since last request: 0.000224 seconds.
  path: Assets/ExampleAssets/Materials/Plastic_Black_Mat.mat
  artifactKey: Guid(e745492728544aa488aa0429b6068e71) Importer(815301076,1909f56bfc062723c751e8b465ee728b)
Start importing Assets/ExampleAssets/Materials/Plastic_Black_Mat.mat using Guid(e745492728544aa488aa0429b6068e71) Importer(815301076,1909f56bfc062723c751e8b465ee728b)  -> (artifact id: '178a8bedbdf3972c7c654ebe58b35db9') in 0.017822 seconds
  Import took 0.020703 seconds .

========================================================================
Received Import Request.
  Time since last request: 21.095605 seconds.
  path: Assets/Textures/Galaxy1.jpg
  artifactKey: Guid(ffd325e784893cd4d853f69502c18b11) Importer(815301076,1909f56bfc062723c751e8b465ee728b)
Start importing Assets/Textures/Galaxy1.jpg using Guid(ffd325e784893cd4d853f69502c18b11) Importer(815301076,1909f56bfc062723c751e8b465ee728b)  -> (artifact id: '0f472fad4972eaee378676328f47cb17') in 0.010761 seconds
  Import took 0.014193 seconds .

========================================================================
Received Import Request.
  Time since last request: 0.007775 seconds.
  path: Assets/Textures/Galaxy1.jpg
  artifactKey: Guid(ffd325e784893cd4d853f69502c18b11) Importer(815301076,1909f56bfc062723c751e8b465ee728b)
Start importing Assets/Textures/Galaxy1.jpg using Guid(ffd325e784893cd4d853f69502c18b11) Importer(815301076,1909f56bfc062723c751e8b465ee728b)  -> (artifact id: '0f472fad4972eaee378676328f47cb17') in 0.014956 seconds
  Import took 0.018346 seconds .

========================================================================
Received Import Request.
  Time since last request: 118.602926 seconds.
  path: Assets/Textures/Galaxy1.jpg
  artifactKey: Guid(ffd325e784893cd4d853f69502c18b11) Importer(815301076,1909f56bfc062723c751e8b465ee728b)
Start importing Assets/Textures/Galaxy1.jpg using Guid(ffd325e784893cd4d853f69502c18b11) Importer(815301076,1909f56bfc062723c751e8b465ee728b)  -> (artifact id: '97395a3a9f57823674ccfc8a0df4cf4f') in 0.090608 seconds
  Import took 0.094136 seconds .

========================================================================
Received Import Request.
  Time since last request: 96.275402 seconds.
  path: Assets/Materials/New Material.mat
  artifactKey: Guid(2cf9a8e4326d82a4db71714f8fbe1aec) Importer(815301076,1909f56bfc062723c751e8b465ee728b)
Start importing Assets/Materials/New Material.mat using Guid(2cf9a8e4326d82a4db71714f8fbe1aec) Importer(815301076,1909f56bfc062723c751e8b465ee728b)  -> (artifact id: 'b8f3aaa695e5711ec48e5e6fe3f2d801') in 0.012509 seconds
  Import took 0.016057 seconds .

========================================================================
Received Import Request.
  Time since last request: 0.002833 seconds.
  path: Assets/Materials/New Material.mat
  artifactKey: Guid(2cf9a8e4326d82a4db71714f8fbe1aec) Importer(815301076,1909f56bfc062723c751e8b465ee728b)
Start importing Assets/Materials/New Material.mat using Guid(2cf9a8e4326d82a4db71714f8fbe1aec) Importer(815301076,1909f56bfc062723c751e8b465ee728b)  -> (artifact id: 'b8f3aaa695e5711ec48e5e6fe3f2d801') in 0.007690 seconds
  Import took 0.010749 seconds .

========================================================================
Received Import Request.
  Time since last request: 245.574023 seconds.
  path: Assets/Presets
  artifactKey: Guid(558255460b74ec04fa70b5570e9327bd) Importer(815301076,1909f56bfc062723c751e8b465ee728b)
Start importing Assets/Presets using Guid(558255460b74ec04fa70b5570e9327bd) Importer(815301076,1909f56bfc062723c751e8b465ee728b)  -> (artifact id: '1061e733c83d57327630c9865adfde08') in 0.006530 seconds
  Import took 0.010172 seconds .

========================================================================
Received Import Request.
  Time since last request: 0.000381 seconds.
  path: Assets/Presets
  artifactKey: Guid(558255460b74ec04fa70b5570e9327bd) Importer(815301076,1909f56bfc062723c751e8b465ee728b)
Start importing Assets/Presets using Guid(558255460b74ec04fa70b5570e9327bd) Importer(815301076,1909f56bfc062723c751e8b465ee728b)  -> (artifact id: '1061e733c83d57327630c9865adfde08') in 0.001882 seconds
  Import took 0.004783 seconds .

========================================================================
Received Import Request.
  Time since last request: 1.184463 seconds.
  path: Assets/TutorialInfo
  artifactKey: Guid(49110bb8dcada46328ad741970bce702) Importer(815301076,1909f56bfc062723c751e8b465ee728b)
Start importing Assets/TutorialInfo using Guid(49110bb8dcada46328ad741970bce702) Importer(815301076,1909f56bfc062723c751e8b465ee728b)  -> (artifact id: 'c3058c7470635987426425681463182b') in 0.005547 seconds
  Import took 0.009121 seconds .

========================================================================
Received Import Request.
  Time since last request: 8.667685 seconds.
  path: Assets/Textures/Galaxy1.jpg
  artifactKey: Guid(ffd325e784893cd4d853f69502c18b11) Importer(815301076,1909f56bfc062723c751e8b465ee728b)
Start importing Assets/Textures/Galaxy1.jpg using Guid(ffd325e784893cd4d853f69502c18b11) Importer(815301076,1909f56bfc062723c751e8b465ee728b)  -> (artifact id: '4503aee832c55cee54e18640ce037175') in 0.020888 seconds
  Import took 0.024137 seconds .

========================================================================
Received Import Request.
  Time since last request: 18.162737 seconds.
  path: Assets/Textures/Galaxy1.jpg
  artifactKey: Guid(ffd325e784893cd4d853f69502c18b11) Importer(815301076,1909f56bfc062723c751e8b465ee728b)
Start importing Assets/Textures/Galaxy1.jpg using Guid(ffd325e784893cd4d853f69502c18b11) Importer(815301076,1909f56bfc062723c751e8b465ee728b)  -> (artifact id: 'b8b701c2b4390a2c317033293a8ae9ef') in 0.012561 seconds
  Import took 0.015804 seconds .

========================================================================
Received Import Request.
  Time since last request: 0.008238 seconds.
  path: Assets/Textures/Galaxy1.jpg
  artifactKey: Guid(ffd325e784893cd4d853f69502c18b11) Importer(815301076,1909f56bfc062723c751e8b465ee728b)
Start importing Assets/Textures/Galaxy1.jpg using Guid(ffd325e784893cd4d853f69502c18b11) Importer(815301076,1909f56bfc062723c751e8b465ee728b)  -> (artifact id: 'b8b701c2b4390a2c317033293a8ae9ef') in 0.013969 seconds
  Import took 0.017136 seconds .

========================================================================
Received Import Request.
  Time since last request: 187.626446 seconds.
  path: Assets/Textures/Galaxy1.png
  artifactKey: Guid(867030b1b999db74898c8a973a406d6e) Importer(815301076,1909f56bfc062723c751e8b465ee728b)
Start importing Assets/Textures/Galaxy1.png using Guid(867030b1b999db74898c8a973a406d6e) Importer(815301076,1909f56bfc062723c751e8b465ee728b)  -> (artifact id: '60db1cd3e7b60b692fadbf7ca991d7eb') in 0.011170 seconds
  Import took 0.015002 seconds .

========================================================================
Received Import Request.
  Time since last request: 10.001301 seconds.
  path: Assets/Textures/Galaxy1.png
  artifactKey: Guid(867030b1b999db74898c8a973a406d6e) Importer(815301076,1909f56bfc062723c751e8b465ee728b)
Start importing Assets/Textures/Galaxy1.png using Guid(867030b1b999db74898c8a973a406d6e) Importer(815301076,1909f56bfc062723c751e8b465ee728b)  -> (artifact id: 'cffad41553d699c4716d32acdd48570d') in 0.010504 seconds
  Import took 0.013653 seconds .

========================================================================
Received Import Request.
  Time since last request: 59.080521 seconds.
  path: Assets/ExampleAssets/Models/ConstructionLight_Low.fbx
  artifactKey: Guid(e3ae06a3979f53046aa05330d69de1fa) Importer(815301076,1909f56bfc062723c751e8b465ee728b)
Start importing Assets/ExampleAssets/Models/ConstructionLight_Low.fbx using Guid(e3ae06a3979f53046aa05330d69de1fa) Importer(815301076,1909f56bfc062723c751e8b465ee728b)  -> (artifact id: '05b80e168c04ac91d33c593037bef1e9') in 0.054568 seconds
  Import took 0.057958 seconds .

========================================================================
Received Import Request.
  Time since last request: 0.000238 seconds.
  path: Assets/ExampleAssets/Materials/DryWall_Mat.mat
  artifactKey: Guid(a68228c24abfa2f4b8954d7b0148f799) Importer(815301076,1909f56bfc062723c751e8b465ee728b)
Start importing Assets/ExampleAssets/Materials/DryWall_Mat.mat using Guid(a68228c24abfa2f4b8954d7b0148f799) Importer(815301076,1909f56bfc062723c751e8b465ee728b)  -> (artifact id: 'fedb006da752b981a9d150ac86daefcf') in 0.019779 seconds
  Import took 0.022784 seconds .

========================================================================
Received Import Request.
  Time since last request: 0.000242 seconds.
  path: Assets/ExampleAssets/Materials/ConstructionLight_Mat.mat
  artifactKey: Guid(49076442eeb7e054b8e8869f8b40656d) Importer(815301076,1909f56bfc062723c751e8b465ee728b)
Start importing Assets/ExampleAssets/Materials/ConstructionLight_Mat.mat using Guid(49076442eeb7e054b8e8869f8b40656d) Importer(815301076,1909f56bfc062723c751e8b465ee728b)  -> (artifact id: 'fe72ce8b77d1df3914666d4db4aa2f37') in 0.234997 seconds
  Import took 0.237912 seconds .

========================================================================
Received Import Request.
  Time since last request: 0.000214 seconds.
  path: Assets/ExampleAssets/Models/Workshop_Set.fbx
  artifactKey: Guid(47616bd0cda748d4cbedcfc908506b9d) Importer(815301076,1909f56bfc062723c751e8b465ee728b)
Start importing Assets/ExampleAssets/Models/Workshop_Set.fbx using Guid(47616bd0cda748d4cbedcfc908506b9d) Importer(815301076,1909f56bfc062723c751e8b465ee728b)  -> (artifact id: '7b3b2efd6497481008e6bf1e12714d26') in 0.134739 seconds
  Import took 0.137991 seconds .

========================================================================
Received Import Request.
  Time since last request: 0.000194 seconds.
  path: Assets/ExampleAssets/Materials/ConstructionLight_Mat.mat
  artifactKey: Guid(49076442eeb7e054b8e8869f8b40656d) Importer(815301076,1909f56bfc062723c751e8b465ee728b)
Start importing Assets/ExampleAssets/Materials/ConstructionLight_Mat.mat using Guid(49076442eeb7e054b8e8869f8b40656d) Importer(815301076,1909f56bfc062723c751e8b465ee728b)  -> (artifact id: 'fe72ce8b77d1df3914666d4db4aa2f37') in 0.014073 seconds
  Import took 0.017041 seconds .

========================================================================
Received Import Request.
  Time since last request: 0.000241 seconds.
  path: Assets/ExampleAssets/Models/ConstructionLight_Low.fbx
  artifactKey: Guid(e3ae06a3979f53046aa05330d69de1fa) Importer(815301076,1909f56bfc062723c751e8b465ee728b)
Start importing Assets/ExampleAssets/Models/ConstructionLight_Low.fbx using Guid(e3ae06a3979f53046aa05330d69de1fa) Importer(815301076,1909f56bfc062723c751e8b465ee728b)  -> (artifact id: '05b80e168c04ac91d33c593037bef1e9') in 0.057779 seconds
  Import took 0.060724 seconds .

========================================================================
Received Import Request.
  Time since last request: 0.000196 seconds.
  path: Assets/ExampleAssets/Materials/DryWallPainted_Mat.mat
  artifactKey: Guid(9b8eadc4de0544646b75ddcc43f8fd06) Importer(815301076,1909f56bfc062723c751e8b465ee728b)
Start importing Assets/ExampleAssets/Materials/DryWallPainted_Mat.mat using Guid(9b8eadc4de0544646b75ddcc43f8fd06) Importer(815301076,1909f56bfc062723c751e8b465ee728b)  -> (artifact id: '5763f99c2e1d8f111e94fb2f368ff77b') in 0.020593 seconds
  Import took 0.023343 seconds .

========================================================================
Received Import Request.
  Time since last request: 0.006424 seconds.
  path: Assets/ExampleAssets/Materials/DryWallPainted_Mat.mat
  artifactKey: Guid(9b8eadc4de0544646b75ddcc43f8fd06) Importer(815301076,1909f56bfc062723c751e8b465ee728b)
Start importing Assets/ExampleAssets/Materials/DryWallPainted_Mat.mat using Guid(9b8eadc4de0544646b75ddcc43f8fd06) Importer(815301076,1909f56bfc062723c751e8b465ee728b)  -> (artifact id: '5763f99c2e1d8f111e94fb2f368ff77b') in 0.011049 seconds
  Import took 0.014067 seconds .

========================================================================
Received Import Request.
  Time since last request: 0.806333 seconds.
  path: Assets/ExampleAssets/Materials/Ground_Mat.mat
  artifactKey: Guid(d92ef32394b5f474385d74b565a7bdd7) Importer(815301076,1909f56bfc062723c751e8b465ee728b)
Start importing Assets/ExampleAssets/Materials/Ground_Mat.mat using Guid(d92ef32394b5f474385d74b565a7bdd7) Importer(815301076,1909f56bfc062723c751e8b465ee728b)  -> (artifact id: '876e8bfe8c838c12bbd7d2fc0194bfe3') in 0.017646 seconds
  Import took 0.021341 seconds .

========================================================================
Received Import Request.
  Time since last request: 0.716206 seconds.
  path: Assets/ExampleAssets/Materials/Hammer_Mat.mat
  artifactKey: Guid(4efcffd7ae23f1e41943fd914b18da10) Importer(815301076,1909f56bfc062723c751e8b465ee728b)
Start importing Assets/ExampleAssets/Materials/Hammer_Mat.mat using Guid(4efcffd7ae23f1e41943fd914b18da10) Importer(815301076,1909f56bfc062723c751e8b465ee728b)  -> (artifact id: '6084bcac94367766b4031bc4fb13320d') in 0.019347 seconds
  Import took 0.022614 seconds .

========================================================================
Received Import Request.
  Time since last request: 0.000254 seconds.
  path: Assets/ExampleAssets/Models/hammer_low.fbx
  artifactKey: Guid(68a66fb5a71f8204a8dcb613c97d1fa8) Importer(815301076,1909f56bfc062723c751e8b465ee728b)
Start importing Assets/ExampleAssets/Models/hammer_low.fbx using Guid(68a66fb5a71f8204a8dcb613c97d1fa8) Importer(815301076,1909f56bfc062723c751e8b465ee728b)  -> (artifact id: '8d4bb3f4c15d500e508e065d60a5b7d3') in 0.018923 seconds
  Import took 0.022149 seconds .

========================================================================
Received Import Request.
  Time since last request: 0.000236 seconds.
  path: Assets/ExampleAssets/Models/jigsaw_low.fbx
  artifactKey: Guid(8b73e8872ca76104bbca4ee2b704a1b4) Importer(815301076,1909f56bfc062723c751e8b465ee728b)
Start importing Assets/ExampleAssets/Models/jigsaw_low.fbx using Guid(8b73e8872ca76104bbca4ee2b704a1b4) Importer(815301076,1909f56bfc062723c751e8b465ee728b)  -> (artifact id: 'b896523927b9c471825e498017850bf2') in 0.021568 seconds
  Import took 0.024478 seconds .

========================================================================
Received Import Request.
  Time since last request: 0.000239 seconds.
  path: Assets/ExampleAssets/Materials/Jigsaw_Mat.mat
  artifactKey: Guid(801db2d997a562b4ea333aa4593ce0f0) Importer(815301076,1909f56bfc062723c751e8b465ee728b)
Start importing Assets/ExampleAssets/Materials/Jigsaw_Mat.mat using Guid(801db2d997a562b4ea333aa4593ce0f0) Importer(815301076,1909f56bfc062723c751e8b465ee728b)  -> (artifact id: '99a3c00e1db07cfd48945bc5d6c80a78') in 0.017983 seconds
  Import took 0.021347 seconds .

========================================================================
Received Import Request.
  Time since last request: 0.000248 seconds.
  path: Assets/ExampleAssets/Models/Stud.fbx
  artifactKey: Guid(34624edaccd9d704a95ed404d919b492) Importer(815301076,1909f56bfc062723c751e8b465ee728b)
Start importing Assets/ExampleAssets/Models/Stud.fbx using Guid(34624edaccd9d704a95ed404d919b492) Importer(815301076,1909f56bfc062723c751e8b465ee728b)  -> (artifact id: '434d0055e1b22b54511cabbfd36f2d9b') in 0.027326 seconds
  Import took 0.030536 seconds .

========================================================================
Received Import Request.
  Time since last request: 0.000232 seconds.
  path: Assets/ExampleAssets/Materials/Hammer_Mat.mat
  artifactKey: Guid(4efcffd7ae23f1e41943fd914b18da10) Importer(815301076,1909f56bfc062723c751e8b465ee728b)
Start importing Assets/ExampleAssets/Materials/Hammer_Mat.mat using Guid(4efcffd7ae23f1e41943fd914b18da10) Importer(815301076,1909f56bfc062723c751e8b465ee728b)  -> (artifact id: '6084bcac94367766b4031bc4fb13320d') in 0.010693 seconds
  Import took 0.013489 seconds .

========================================================================
Received Import Request.
  Time since last request: 0.000189 seconds.
  path: Assets/ExampleAssets/Models/paintbucket_low.fbx
  artifactKey: Guid(b451a052397f03c4f8a04d915d1c0492) Importer(815301076,1909f56bfc062723c751e8b465ee728b)
Start importing Assets/ExampleAssets/Models/paintbucket_low.fbx using Guid(b451a052397f03c4f8a04d915d1c0492) Importer(815301076,1909f56bfc062723c751e8b465ee728b)  -> (artifact id: 'fd085f3ea910d508acb8ab9316d15b79') in 0.040065 seconds
  Import took 0.042954 seconds .

========================================================================
Received Import Request.
  Time since last request: 0.000187 seconds.
  path: Assets/ExampleAssets/Materials/LightBulb_Mat.mat
  artifactKey: Guid(ec739259ec61f5d4ba3ed6d34fd802a6) Importer(815301076,1909f56bfc062723c751e8b465ee728b)
Start importing Assets/ExampleAssets/Materials/LightBulb_Mat.mat using Guid(ec739259ec61f5d4ba3ed6d34fd802a6) Importer(815301076,1909f56bfc062723c751e8b465ee728b)  -> (artifact id: '17cc0efc6758a94393f291c42ef08b28') in 0.220514 seconds
  Import took 0.223186 seconds .

========================================================================
Received Import Request.
  Time since last request: 0.000270 seconds.
  path: Assets/ExampleAssets/Materials/HardHat_Mat.mat
  artifactKey: Guid(e93789f0a5d66df4a81613935579642b) Importer(815301076,1909f56bfc062723c751e8b465ee728b)
Start importing Assets/ExampleAssets/Materials/HardHat_Mat.mat using Guid(e93789f0a5d66df4a81613935579642b) Importer(815301076,1909f56bfc062723c751e8b465ee728b)  -> (artifact id: '675d25134eda574ecd6d998628a96a75') in 0.020666 seconds
  Import took 0.023799 seconds .

========================================================================
Received Import Request.
  Time since last request: 0.000204 seconds.
  path: Assets/ExampleAssets/Materials/Liquid_Mat.mat
  artifactKey: Guid(c532880e607f8c84d8b9bf0c46a522ad) Importer(815301076,1909f56bfc062723c751e8b465ee728b)
Start importing Assets/ExampleAssets/Materials/Liquid_Mat.mat using Guid(c532880e607f8c84d8b9bf0c46a522ad) Importer(815301076,1909f56bfc062723c751e8b465ee728b)  -> (artifact id: '7c94614d4eda60030b55a280b611a4a1') in 0.014975 seconds
  Import took 0.017972 seconds .

========================================================================
Received Import Request.
  Time since last request: 0.000203 seconds.
  path: Assets/ExampleAssets/Models/small_plane.fbx
  artifactKey: Guid(aeaee610429f51f44981e141eb2a3545) Importer(815301076,1909f56bfc062723c751e8b465ee728b)
Start importing Assets/ExampleAssets/Models/small_plane.fbx using Guid(aeaee610429f51f44981e141eb2a3545) Importer(815301076,1909f56bfc062723c751e8b465ee728b)  -> (artifact id: '7546a8b27fd1b4f6d757e6ef96b09004') in 0.019361 seconds
  Import took 0.022601 seconds .

========================================================================
Received Import Request.
  Time since last request: 0.521287 seconds.
  path: Assets/ExampleAssets/Materials/Metal_Blue_Simple_Mat.mat
  artifactKey: Guid(cd71291c91c8cce499cb663b5db9970e) Importer(815301076,1909f56bfc062723c751e8b465ee728b)
Start importing Assets/ExampleAssets/Materials/Metal_Blue_Simple_Mat.mat using Guid(cd71291c91c8cce499cb663b5db9970e) Importer(815301076,1909f56bfc062723c751e8b465ee728b)  -> (artifact id: '882f7aaa82a63dee090d033df8e6e361') in 0.238126 seconds
  Import took 0.241252 seconds .

========================================================================
Received Import Request.
  Time since last request: 0.000244 seconds.
  path: Assets/ExampleAssets/Materials/Metal_Simple_Mat.mat
  artifactKey: Guid(a0427cf339e5891468d5f2b433b2d44a) Importer(815301076,1909f56bfc062723c751e8b465ee728b)
Start importing Assets/ExampleAssets/Materials/Metal_Simple_Mat.mat using Guid(a0427cf339e5891468d5f2b433b2d44a) Importer(815301076,1909f56bfc062723c751e8b465ee728b)  -> (artifact id: '55ea5875f974a9f060fb8a6f234d79e8') in 0.014603 seconds
  Import took 0.017462 seconds .

========================================================================
Received Import Request.
  Time since last request: 0.000247 seconds.
  path: Assets/ExampleAssets/Models/brush_low.fbx
  artifactKey: Guid(aed8c47425ab91f4eb06ce6fe47c3e4e) Importer(815301076,1909f56bfc062723c751e8b465ee728b)
Start importing Assets/ExampleAssets/Models/brush_low.fbx using Guid(aed8c47425ab91f4eb06ce6fe47c3e4e) Importer(815301076,1909f56bfc062723c751e8b465ee728b)  -> (artifact id: 'aa8d1ec184dd307cf57082694a41e173') in 0.021369 seconds
  Import took 0.025129 seconds .

========================================================================
Received Import Request.
  Time since last request: 0.000253 seconds.
  path: Assets/ExampleAssets/Materials/Plastic_Gray_Mat.mat
  artifactKey: Guid(4dad30bbe2213eb4d8312f7bb6190866) Importer(815301076,1909f56bfc062723c751e8b465ee728b)
Start importing Assets/ExampleAssets/Materials/Plastic_Gray_Mat.mat using Guid(4dad30bbe2213eb4d8312f7bb6190866) Importer(815301076,1909f56bfc062723c751e8b465ee728b)  -> (artifact id: '176c190500544b934720cda1ef2a62a6') in 0.013154 seconds
  Import took 0.016071 seconds .

========================================================================
Received Import Request.
  Time since last request: 0.000198 seconds.
  path: Assets/ExampleAssets/Materials/Paint1G_WAnim_Material.mat
  artifactKey: Guid(55c183dc45153be48a45c4e530127fb3) Importer(815301076,1909f56bfc062723c751e8b465ee728b)
Start importing Assets/ExampleAssets/Materials/Paint1G_WAnim_Material.mat using Guid(55c183dc45153be48a45c4e530127fb3) Importer(815301076,1909f56bfc062723c751e8b465ee728b)  -> (artifact id: 'e52c2dacfd344191b19d01e76dcd9006') in 0.341992 seconds
  Import took 0.344969 seconds .

========================================================================
Received Import Request.
  Time since last request: 0.000237 seconds.
  path: Assets/ExampleAssets/Materials/Plastic_Rough_Mat.mat
  artifactKey: Guid(a5aaee4111611af43b5abbff184fe5fa) Importer(815301076,1909f56bfc062723c751e8b465ee728b)
Start importing Assets/ExampleAssets/Materials/Plastic_Rough_Mat.mat using Guid(a5aaee4111611af43b5abbff184fe5fa) Importer(815301076,1909f56bfc062723c751e8b465ee728b)  -> (artifact id: 'b65fab953f12055f59d6c6b4b4d47dbf') in 0.015896 seconds
  Import took 0.019007 seconds .

========================================================================
Received Import Request.
  Time since last request: 0.000210 seconds.
  path: Assets/ExampleAssets/Materials/Plastic_Transparent.mat
  artifactKey: Guid(8a38b7350df9a9c438e568993a00e5c5) Importer(815301076,1909f56bfc062723c751e8b465ee728b)
Start importing Assets/ExampleAssets/Materials/Plastic_Transparent.mat using Guid(8a38b7350df9a9c438e568993a00e5c5) Importer(815301076,1909f56bfc062723c751e8b465ee728b)  -> (artifact id: '155a568915ac341fed080f98d971d976') in 0.012663 seconds
  Import took 0.015471 seconds .

========================================================================
Received Import Request.
  Time since last request: 0.000195 seconds.
  path: Assets/ExampleAssets/Materials/Plastic_Ridges_Mat.mat
  artifactKey: Guid(c05de7c865075334786e6a47a543af72) Importer(815301076,1909f56bfc062723c751e8b465ee728b)
Start importing Assets/ExampleAssets/Materials/Plastic_Ridges_Mat.mat using Guid(c05de7c865075334786e6a47a543af72) Importer(815301076,1909f56bfc062723c751e8b465ee728b)  -> (artifact id: '7e5f43b2d67f219a84d7e74d2f25ea7c') in 0.016723 seconds
  Import took 0.019879 seconds .

========================================================================
Received Import Request.
  Time since last request: 0.000240 seconds.
  path: Assets/ExampleAssets/Materials/OBS_Mat.mat
  artifactKey: Guid(c438e5c679f1be040a135443008e2fce) Importer(815301076,1909f56bfc062723c751e8b465ee728b)
Start importing Assets/ExampleAssets/Materials/OBS_Mat.mat using Guid(c438e5c679f1be040a135443008e2fce) Importer(815301076,1909f56bfc062723c751e8b465ee728b)  -> (artifact id: '184e69707b9557c894c816bccfdb2da6') in 0.017571 seconds
  Import took 0.020361 seconds .

========================================================================
Received Import Request.
  Time since last request: 0.000246 seconds.
  path: Assets/ExampleAssets/Materials/PaintBrush_Mat.mat
  artifactKey: Guid(539165557a9d3744680bb21164bea45e) Importer(815301076,1909f56bfc062723c751e8b465ee728b)
Start importing Assets/ExampleAssets/Materials/PaintBrush_Mat.mat using Guid(539165557a9d3744680bb21164bea45e) Importer(815301076,1909f56bfc062723c751e8b465ee728b)  -> (artifact id: '83d11f4ea8108f8a90ddb91af9c399df') in 0.017478 seconds
  Import took 0.020306 seconds .

========================================================================
Received Import Request.
  Time since last request: 0.098178 seconds.
  path: Assets/ExampleAssets/Materials/Plastic_White_Mat.mat
  artifactKey: Guid(6cfe423139c361a459da7ed9831d4b1c) Importer(815301076,1909f56bfc062723c751e8b465ee728b)
Start importing Assets/ExampleAssets/Materials/Plastic_White_Mat.mat using Guid(6cfe423139c361a459da7ed9831d4b1c) Importer(815301076,1909f56bfc062723c751e8b465ee728b)  -> (artifact id: 'bf3ccc6feb3a67780a4e3adcff0a3b48') in 0.014597 seconds
  Import took 0.017903 seconds .

========================================================================
Received Import Request.
  Time since last request: 83.076920 seconds.
  path: Assets/Textures/Galaxy1.png
  artifactKey: Guid(867030b1b999db74898c8a973a406d6e) Importer(815301076,1909f56bfc062723c751e8b465ee728b)
Start importing Assets/Textures/Galaxy1.png using Guid(867030b1b999db74898c8a973a406d6e) Importer(815301076,1909f56bfc062723c751e8b465ee728b)  -> (artifact id: 'c09d219663e3dc416f88b3938ddbcb1a') in 0.015371 seconds
  Import took 0.018924 seconds .

========================================================================
Received Import Request.
  Time since last request: 0.002965 seconds.
  path: Assets/Textures/Galaxy1.png
  artifactKey: Guid(867030b1b999db74898c8a973a406d6e) Importer(815301076,1909f56bfc062723c751e8b465ee728b)
Start importing Assets/Textures/Galaxy1.png using Guid(867030b1b999db74898c8a973a406d6e) Importer(815301076,1909f56bfc062723c751e8b465ee728b)  -> (artifact id: 'c09d219663e3dc416f88b3938ddbcb1a') in 0.012728 seconds
  Import took 0.015703 seconds .

========================================================================
Received Import Request.
  Time since last request: 1059.143271 seconds.
  path: Assets/Materials/Galaxy1.mat
  artifactKey: Guid(2cf9a8e4326d82a4db71714f8fbe1aec) Importer(815301076,1909f56bfc062723c751e8b465ee728b)
Start importing Assets/Materials/Galaxy1.mat using Guid(2cf9a8e4326d82a4db71714f8fbe1aec) Importer(815301076,1909f56bfc062723c751e8b465ee728b)  -> (artifact id: '04e6d662ce12692d526d10ce85445879') in 0.022830 seconds
  Import took 0.026728 seconds .

========================================================================
Received Import Request.
  Time since last request: 16.616784 seconds.
  path: Assets/Textures/Galaxy2.png
  artifactKey: Guid(7d1cb86350e8625438afe611ede07093) Importer(815301076,1909f56bfc062723c751e8b465ee728b)
Start importing Assets/Textures/Galaxy2.png using Guid(7d1cb86350e8625438afe611ede07093) Importer(815301076,1909f56bfc062723c751e8b465ee728b)  -> (artifact id: '0c4402959c94968c67d2d7c11bceb974') in 0.014099 seconds
  Import took 0.018051 seconds .

========================================================================
Received Import Request.
  Time since last request: 0.003131 seconds.
  path: Assets/Textures/Galaxy2.png
  artifactKey: Guid(7d1cb86350e8625438afe611ede07093) Importer(815301076,1909f56bfc062723c751e8b465ee728b)
Start importing Assets/Textures/Galaxy2.png using Guid(7d1cb86350e8625438afe611ede07093) Importer(815301076,1909f56bfc062723c751e8b465ee728b)  -> (artifact id: '0c4402959c94968c67d2d7c11bceb974') in 0.038854 seconds
  Import took 0.042299 seconds .

========================================================================
Received Import Request.
  Time since last request: 32.120534 seconds.
  path: Assets/Textures/Galaxy2.png
  artifactKey: Guid(7d1cb86350e8625438afe611ede07093) Importer(815301076,1909f56bfc062723c751e8b465ee728b)
Start importing Assets/Textures/Galaxy2.png using Guid(7d1cb86350e8625438afe611ede07093) Importer(815301076,1909f56bfc062723c751e8b465ee728b)  -> (artifact id: '8f9876aadf2109db31d6e67168a79353') in 0.014566 seconds
  Import took 0.017915 seconds .

========================================================================
Received Prepare
Registering precompiled user dll's ...
Registered in 0.001300 seconds.
Begin MonoManager ReloadAssembly
Native extension for WindowsStandalone target not found
Refreshing native plugins compatible for Editor in 0.34 ms, found 0 plugins.
Preloading 0 native plugins for Editor in 0.00 ms.
Invoked RoslynAnalysisRunner static constructor.
RoslynAnalysisRunner will not be running.
RoslynAnalysisRunner has terminated.
Mono: successfully reloaded assembly
- Completed reload, in  0.798 seconds
Platform modules already initialized, skipping
Shader 'Universal Render Pipeline/Particles/Lit': fallback shader 'Universal Render Pipeline/Particles/SimpleLit' not found
Shader 'Universal Render Pipeline/Particles/Lit': fallback shader 'Universal Render Pipeline/Particles/SimpleLit' not found
Refreshing native plugins compatible for Editor in 0.36 ms, found 0 plugins.
Preloading 0 native plugins for Editor in 0.00 ms.
Unloading 2317 Unused Serialized files (Serialized files now loaded: 0)
System memory in use before: 114.0 MB.
System memory in use after: 112.0 MB.

Unloading 40 unused Assets to reduce memory usage. Loaded Objects now: 2899.
Total: 2.863600 ms (FindLiveObjects: 0.212900 ms CreateObjectMapping: 0.089900 ms MarkObjects: 1.582000 ms  DeleteObjects: 0.977600 ms)

========================================================================
Received Import Request.
  Time since last request: 128.213106 seconds.
  path: Assets/Materials/Galaxy2.mat
  artifactKey: Guid(03753e99ead88e641b94af4801778d05) Importer(815301076,1909f56bfc062723c751e8b465ee728b)
Start importing Assets/Materials/Galaxy2.mat using Guid(03753e99ead88e641b94af4801778d05) Importer(815301076,1909f56bfc062723c751e8b465ee728b)  -> (artifact id: '2cccabd7efab1d435737f0b93ef9b81e') in 0.130957 seconds
  Import took 0.134146 seconds .

AssetImportWorkerClient::OnTransportError - code=2 error=End of file
